--------------------------------------------------------------------------------
Release 14.7 Trace  (nt64)
Copyright (c) 1995-2013 Xilinx, Inc.  All rights reserved.

H:\Softwares\Xilinx\14.7\ISE_DS\ISE\bin\nt64\unwrapped\trce.exe -intstyle ise
-v 3 -s 3 -n 3 -fastpaths -xml full_sub.twx full_sub.ncd -o full_sub.twr
full_sub.pcf

Design file:              full_sub.ncd
Physical constraint file: full_sub.pcf
Device,package,speed:     xc6slx9,tqg144,C,-3 (PRODUCTION 1.23 2013-10-13)
Report level:             verbose report

Environment Variable      Effect 
--------------------      ------ 
NONE                      No environment variables were set
--------------------------------------------------------------------------------

INFO:Timing:2698 - No timing constraints found, doing default enumeration.
INFO:Timing:3412 - To improve timing, see the Timing Closure User Guide (UG612).
INFO:Timing:2752 - To get complete path coverage, use the unconstrained paths 
   option. All paths that are not constrained will be reported in the 
   unconstrained paths section(s) of the report.
INFO:Timing:3339 - The clock-to-out numbers in this timing report are based on 
   a 50 Ohm transmission line loading model.  For the details of this model, 
   and for more information on accounting for different loading conditions, 
   please see the device datasheet.



Data Sheet report:
-----------------
All values displayed in nanoseconds (ns)

Pad to Pad
---------------+---------------+---------+
Source Pad     |Destination Pad|  Delay  |
---------------+---------------+---------+
a<0>           |borrow<0>      |    6.376|
a<0>           |sub<0>         |    6.966|
a<1>           |borrow<1>      |    6.394|
a<1>           |sub<1>         |    6.879|
a<2>           |borrow<2>      |    7.233|
a<2>           |sub<2>         |    6.638|
a<3>           |borrow<3>      |    7.012|
a<3>           |sub<3>         |    6.493|
b<0>           |borrow<0>      |    6.159|
b<0>           |sub<0>         |    6.749|
b<1>           |borrow<1>      |    6.300|
b<1>           |sub<1>         |    6.785|
b<2>           |borrow<2>      |    7.861|
b<2>           |sub<2>         |    7.266|
b<3>           |borrow<3>      |    8.184|
b<3>           |sub<3>         |    7.665|
c<0>           |borrow<0>      |    6.980|
c<0>           |sub<0>         |    7.570|
c<1>           |borrow<1>      |    7.031|
c<1>           |sub<1>         |    7.516|
c<2>           |borrow<2>      |    7.643|
c<2>           |sub<2>         |    7.048|
c<3>           |borrow<3>      |    7.825|
c<3>           |sub<3>         |    7.306|
---------------+---------------+---------+


Analysis completed Wed Mar 10 09:35:08 2021 
--------------------------------------------------------------------------------

Trace Settings:
-------------------------
Trace Settings 

Peak Memory Usage: 4548 MB



