This is XeTeX, Version 3.141592653-2.6-0.999994 (MiKTeX 22.8.28) (preloaded format=xelatex 2023.5.8)  8 MAY 2023 19:00
entering extended mode
 restricted \write18 enabled.
 %&-line parsing enabled.
**./vhdl_style.tex
(vhdl_style.tex
LaTeX2e <2022-06-01> patch level 5
L3 programming layer <2022-08-23>
(C:\Users\r3z4\AppData\Local\Programs\MiKTeX\tex/latex/base\article.cls
Document Class: article 2021/10/04 v1.4n Standard LaTeX document class
(C:\Users\r3z4\AppData\Local\Programs\MiKTeX\tex/latex/base\size10.clo
File: size10.clo 2021/10/04 v1.4n Standard LaTeX file (size option)
)
\c@part=\count181
\c@section=\count182
\c@subsection=\count183
\c@subsubsection=\count184
\c@paragraph=\count185
\c@subparagraph=\count186
\c@figure=\count187
\c@table=\count188
\abovecaptionskip=\skip47
\belowcaptionskip=\skip48
\bibindent=\dimen138
)
(C:\Users\r3z4\AppData\Local\Programs\MiKTeX\tex/latex/base\fontenc.sty
Package: fontenc 2021/04/29 v2.0v Standard LaTeX package
LaTeX Font Info:    Trying to load font information for T1+lmr on input line 11
2.

(C:\Users\r3z4\AppData\Local\Programs\MiKTeX\tex/latex/lm\t1lmr.fd
File: t1lmr.fd 2015/05/01 v1.6.1 Font defs for Latin Modern
))
(C:\Users\r3z4\AppData\Local\Programs\MiKTeX\tex/latex/bera\beramono.sty
Package: beramono 2004/01/31 (WaS)

(C:\Users\r3z4\AppData\Local\Programs\MiKTeX\tex/latex/graphics\keyval.sty
Package: keyval 2022/05/29 v1.15 key=value parser (DPC)
\KV@toks@=\toks16
))
(C:\Users\r3z4\AppData\Local\Programs\MiKTeX\tex/latex/listings\listings.sty
\lst@mode=\count189
\lst@gtempboxa=\box51
\lst@token=\toks17
\lst@length=\count190
\lst@currlwidth=\dimen139
\lst@column=\count191
\lst@pos=\count192
\lst@lostspace=\dimen140
\lst@width=\dimen141
\lst@newlines=\count193
\lst@lineno=\count194
\lst@maxwidth=\dimen142

(C:\Users\r3z4\AppData\Local\Programs\MiKTeX\tex/latex/listings\lstmisc.sty
File: lstmisc.sty 2020/03/24 1.8d (Carsten Heinz)
\c@lstnumber=\count195
\lst@skipnumbers=\count196
\lst@framebox=\box52
)
(C:\Users\r3z4\AppData\Local\Programs\MiKTeX\tex/latex/listings\listings.cfg
File: listings.cfg 2020/03/24 1.8d listings configuration
))
Package: listings 2020/03/24 1.8d (Carsten Heinz)

(C:\Users\r3z4\AppData\Local\Programs\MiKTeX\tex/latex/xcolor\xcolor.sty
Package: xcolor 2022/06/12 v2.14 LaTeX color extensions (UK)

(C:\Users\r3z4\AppData\Local\Programs\MiKTeX\tex/latex/graphics-cfg\color.cfg
File: color.cfg 2016/01/02 v1.6 sample color configuration
)
Package xcolor Info: Driver file: xetex.def on input line 227.

(C:\Users\r3z4\AppData\Local\Programs\MiKTeX\tex/latex/graphics-def\xetex.def
File: xetex.def 2022/04/16 v5.0m Graphics/color driver for xetex
)
(C:\Users\r3z4\AppData\Local\Programs\MiKTeX\tex/latex-dev/graphics\mathcolor.l
tx)
Package xcolor Info: Model `cmy' substituted by `cmy0' on input line 1353.
Package xcolor Info: Model `RGB' extended on input line 1369.
Package xcolor Info: Model `HTML' substituted by `rgb' on input line 1371.
Package xcolor Info: Model `Hsb' substituted by `hsb' on input line 1372.
Package xcolor Info: Model `tHsb' substituted by `hsb' on input line 1373.
Package xcolor Info: Model `HSB' substituted by `hsb' on input line 1374.
Package xcolor Info: Model `Gray' substituted by `gray' on input line 1375.
Package xcolor Info: Model `wave' substituted by `hsb' on input line 1376.
)
(C:\Users\r3z4\AppData\Local\Programs\MiKTeX\tex/latex/l3backend\l3backend-xete
x.def
File: l3backend-xetex.def 2022-08-23 L3 backend support: XeTeX
\g__graphics_track_int=\count197
\l__pdf_internal_box=\box53
\g__pdf_backend_object_int=\count198
\g__pdf_backend_annotation_int=\count199
\g__pdf_backend_link_int=\count266
) (vhdl_style.aux)
\openout1 = `vhdl_style.aux'.

LaTeX Font Info:    Checking defaults for OML/cmm/m/it on input line 37.
LaTeX Font Info:    ... okay on input line 37.
LaTeX Font Info:    Checking defaults for OMS/cmsy/m/n on input line 37.
LaTeX Font Info:    ... okay on input line 37.
LaTeX Font Info:    Checking defaults for OT1/cmr/m/n on input line 37.
LaTeX Font Info:    ... okay on input line 37.
LaTeX Font Info:    Checking defaults for T1/cmr/m/n on input line 37.
LaTeX Font Info:    ... okay on input line 37.
LaTeX Font Info:    Checking defaults for TS1/cmr/m/n on input line 37.
LaTeX Font Info:    Trying to load font information for TS1+cmr on input line 3
7.

(C:\Users\r3z4\AppData\Local\Programs\MiKTeX\tex/latex/base\ts1cmr.fd
File: ts1cmr.fd 2019/12/16 v2.5j Standard LaTeX font definitions
)
LaTeX Font Info:    ... okay on input line 37.
LaTeX Font Info:    Checking defaults for TU/lmr/m/n on input line 37.
LaTeX Font Info:    ... okay on input line 37.
LaTeX Font Info:    Checking defaults for OMX/cmex/m/n on input line 37.
LaTeX Font Info:    ... okay on input line 37.
LaTeX Font Info:    Checking defaults for U/cmr/m/n on input line 37.
LaTeX Font Info:    ... okay on input line 37.
\c@lstlisting=\count267
LaTeX Font Info:    External font `cmex10' loaded for size
(Font)              <7> on input line 39.
LaTeX Font Info:    External font `cmex10' loaded for size
(Font)              <5> on input line 39.
LaTeX Font Info:    Trying to load font information for T1+fvm on input line 39
.

(C:\Users\r3z4\AppData\Local\Programs\MiKTeX\tex/latex/bera\t1fvm.fd
File: t1fvm.fd 2004/09/07 scalable font definitions for T1/fvm.
) [1

]
(vhdl_style.aux) ) 
Here is how much of TeX's memory you used:
 2746 strings out of 410636
 40720 string characters out of 2815998
 390791 words of memory out of 3000000
 23843 multiletter control sequences out of 15000+600000
 488187 words of font info for 38 fonts, out of 8000000 for 9000
 1348 hyphenation exceptions out of 8191
 40i,5n,49p,273b,1135s stack positions out of 10000i,1000n,20000p,200000b,80000s

Output written on vhdl_style.pdf (1 page).
