Running: H:\Softwares\Xilinx\14.7\ISE_DS\ISE\bin\nt64\unwrapped\fuse.exe -intstyle ise -incremental -lib secureip -o E:/University/FPGA/HW/MUX4to1/MyTB_isim_beh.exe -prj E:/University/FPGA/HW/MUX4to1/MyTB_beh.prj work.MyTB 
ISim P.20131013 (signature 0x7708f090)
Number of CPUs detected in this system: 4
Turning on mult-threading, number of parallel sub-compilation jobs: 8 
Determining compilation order of HDL files
Parsing VHDL file "E:/University/FPGA/HW/MUX4to1/MUX4to1.vhd" into library work
Parsing VHDL file "E:/University/FPGA/HW/MUX4to1/MyTB.vhd" into library work
Starting static elaboration
Completed static elaboration
Compiling package standard
Compiling package std_logic_1164
Compiling package std_logic_arith
Compiling package std_logic_unsigned
Compiling architecture behavioral of entity MUX_4to1 [mux_4to1_default]
Compiling architecture behavior of entity mytb
Time Resolution for simulation is 1ps.
Waiting for 1 sub-compilation(s) to finish...
Compiled 7 VHDL Units
Built simulation executable E:/University/FPGA/HW/MUX4to1/MyTB_isim_beh.exe
Fuse Memory Usage: 34276 KB
Fuse CPU Usage: 577 ms
