
AVRASM ver. 2.1.30  E:\University\Electerical\Labs\MicroProcessor\Fall 01-02\Lab 10\Code\Debug\List\UP_Lab10.asm Mon Dec 12 21:51:45 2022

E:\University\Electerical\Labs\MicroProcessor\Fall 01-02\Lab 10\Code\Debug\List\UP_Lab10.asm(1088): warning: Register r4 already defined by the .DEF directive
E:\University\Electerical\Labs\MicroProcessor\Fall 01-02\Lab 10\Code\Debug\List\UP_Lab10.asm(1089): warning: Register r5 already defined by the .DEF directive
E:\University\Electerical\Labs\MicroProcessor\Fall 01-02\Lab 10\Code\Debug\List\UP_Lab10.asm(1090): warning: Register r6 already defined by the .DEF directive
E:\University\Electerical\Labs\MicroProcessor\Fall 01-02\Lab 10\Code\Debug\List\UP_Lab10.asm(1091): warning: Register r7 already defined by the .DEF directive
E:\University\Electerical\Labs\MicroProcessor\Fall 01-02\Lab 10\Code\Debug\List\UP_Lab10.asm(1092): warning: Register r8 already defined by the .DEF directive
E:\University\Electerical\Labs\MicroProcessor\Fall 01-02\Lab 10\Code\Debug\List\UP_Lab10.asm(1093): warning: Register r9 already defined by the .DEF directive
E:\University\Electerical\Labs\MicroProcessor\Fall 01-02\Lab 10\Code\Debug\List\UP_Lab10.asm(1094): warning: Register r11 already defined by the .DEF directive
E:\University\Electerical\Labs\MicroProcessor\Fall 01-02\Lab 10\Code\Debug\List\UP_Lab10.asm(1095): warning: Register r10 already defined by the .DEF directive
E:\University\Electerical\Labs\MicroProcessor\Fall 01-02\Lab 10\Code\Debug\List\UP_Lab10.asm(1096): warning: Register r13 already defined by the .DEF directive
                 
                 
                 ;CodeVisionAVR C Compiler V3.14 Advanced
                 ;(C) Copyright 1998-2014 Pavel Haiduc, HP InfoTech s.r.l.
                 ;http://www.hpinfotech.com
                 
                 ;Build configuration    : Debug
                 ;Chip type              : ATmega32
                 ;Program type           : Application
                 ;Clock frequency        : 8.000000 MHz
                 ;Memory model           : Small
                 ;Optimize for           : Size
                 ;(s)printf features     : int, width
                 ;(s)scanf features      : int, width
                 ;External RAM size      : 0
                 ;Data Stack size        : 512 byte(s)
                 ;Heap size              : 0 byte(s)
                 ;Promote 'char' to 'int': Yes
                 ;'char' is unsigned     : Yes
                 ;8 bit enums            : Yes
                 ;Global 'const' stored in FLASH: Yes
                 ;Enhanced function parameter passing: Yes
                 ;Enhanced core instructions: On
                 ;Automatic register allocation for global variables: On
                 ;Smart register allocation: On
                 
                 	#define _MODEL_SMALL_
                 
                 	#pragma AVRPART ADMIN PART_NAME ATmega32
                 	#pragma AVRPART MEMORY PROG_FLASH 32768
                 	#pragma AVRPART MEMORY EEPROM 1024
                 	#pragma AVRPART MEMORY INT_SRAM SIZE 2048
                 	#pragma AVRPART MEMORY INT_SRAM START_ADDR 0x60
                 
                 	#define CALL_SUPPORTED 1
                 
                 	.LISTMAC
                 	.EQU UDRE=0x5
                 	.EQU RXC=0x7
                 	.EQU USR=0xB
                 	.EQU UDR=0xC
                 	.EQU SPSR=0xE
                 	.EQU SPDR=0xF
                 	.EQU EERE=0x0
                 	.EQU EEWE=0x1
                 	.EQU EEMWE=0x2
                 	.EQU EECR=0x1C
                 	.EQU EEDR=0x1D
                 	.EQU EEARL=0x1E
                 	.EQU EEARH=0x1F
                 	.EQU WDTCR=0x21
                 	.EQU MCUCR=0x35
                 	.EQU GICR=0x3B
                 	.EQU SPL=0x3D
                 	.EQU SPH=0x3E
                 	.EQU SREG=0x3F
                 
                 	.DEF R0X0=R0
                 	.DEF R0X1=R1
                 	.DEF R0X2=R2
                 	.DEF R0X3=R3
                 	.DEF R0X4=R4
                 	.DEF R0X5=R5
                 	.DEF R0X6=R6
                 	.DEF R0X7=R7
                 	.DEF R0X8=R8
                 	.DEF R0X9=R9
                 	.DEF R0XA=R10
                 	.DEF R0XB=R11
                 	.DEF R0XC=R12
                 	.DEF R0XD=R13
                 	.DEF R0XE=R14
                 	.DEF R0XF=R15
                 	.DEF R0X10=R16
                 	.DEF R0X11=R17
                 	.DEF R0X12=R18
                 	.DEF R0X13=R19
                 	.DEF R0X14=R20
                 	.DEF R0X15=R21
                 	.DEF R0X16=R22
                 	.DEF R0X17=R23
                 	.DEF R0X18=R24
                 	.DEF R0X19=R25
                 	.DEF R0X1A=R26
                 	.DEF R0X1B=R27
                 	.DEF R0X1C=R28
                 	.DEF R0X1D=R29
                 	.DEF R0X1E=R30
                 	.DEF R0X1F=R31
                 
                 	.EQU __SRAM_START=0x0060
                 	.EQU __SRAM_END=0x085F
                 	.EQU __DSTACK_SIZE=0x0200
                 	.EQU __HEAP_SIZE=0x0000
                 	.EQU __CLEAR_SRAM_SIZE=__SRAM_END-__SRAM_START+1
                 
                 	.MACRO __CPD1N
                 	CPI  R30,LOW(@0)
                 	LDI  R26,HIGH(@0)
                 	CPC  R31,R26
                 	LDI  R26,BYTE3(@0)
                 	CPC  R22,R26
                 	LDI  R26,BYTE4(@0)
                 	CPC  R23,R26
                 	.ENDM
                 
                 	.MACRO __CPD2N
                 	CPI  R26,LOW(@0)
                 	LDI  R30,HIGH(@0)
                 	CPC  R27,R30
                 	LDI  R30,BYTE3(@0)
                 	CPC  R24,R30
                 	LDI  R30,BYTE4(@0)
                 	CPC  R25,R30
                 	.ENDM
                 
                 	.MACRO __CPWRR
                 	CP   R@0,R@2
                 	CPC  R@1,R@3
                 	.ENDM
                 
                 	.MACRO __CPWRN
                 	CPI  R@0,LOW(@2)
                 	LDI  R30,HIGH(@2)
                 	CPC  R@1,R30
                 	.ENDM
                 
                 	.MACRO __ADDB1MN
                 	SUBI R30,LOW(-@0-(@1))
                 	.ENDM
                 
                 	.MACRO __ADDB2MN
                 	SUBI R26,LOW(-@0-(@1))
                 	.ENDM
                 
                 	.MACRO __ADDW1MN
                 	SUBI R30,LOW(-@0-(@1))
                 	SBCI R31,HIGH(-@0-(@1))
                 	.ENDM
                 
                 	.MACRO __ADDW2MN
                 	SUBI R26,LOW(-@0-(@1))
                 	SBCI R27,HIGH(-@0-(@1))
                 	.ENDM
                 
                 	.MACRO __ADDW1FN
                 	SUBI R30,LOW(-2*@0-(@1))
                 	SBCI R31,HIGH(-2*@0-(@1))
                 	.ENDM
                 
                 	.MACRO __ADDD1FN
                 	SUBI R30,LOW(-2*@0-(@1))
                 	SBCI R31,HIGH(-2*@0-(@1))
                 	SBCI R22,BYTE3(-2*@0-(@1))
                 	.ENDM
                 
                 	.MACRO __ADDD1N
                 	SUBI R30,LOW(-@0)
                 	SBCI R31,HIGH(-@0)
                 	SBCI R22,BYTE3(-@0)
                 	SBCI R23,BYTE4(-@0)
                 	.ENDM
                 
                 	.MACRO __ADDD2N
                 	SUBI R26,LOW(-@0)
                 	SBCI R27,HIGH(-@0)
                 	SBCI R24,BYTE3(-@0)
                 	SBCI R25,BYTE4(-@0)
                 	.ENDM
                 
                 	.MACRO __SUBD1N
                 	SUBI R30,LOW(@0)
                 	SBCI R31,HIGH(@0)
                 	SBCI R22,BYTE3(@0)
                 	SBCI R23,BYTE4(@0)
                 	.ENDM
                 
                 	.MACRO __SUBD2N
                 	SUBI R26,LOW(@0)
                 	SBCI R27,HIGH(@0)
                 	SBCI R24,BYTE3(@0)
                 	SBCI R25,BYTE4(@0)
                 	.ENDM
                 
                 	.MACRO __ANDBMNN
                 	LDS  R30,@0+(@1)
                 	ANDI R30,LOW(@2)
                 	STS  @0+(@1),R30
                 	.ENDM
                 
                 	.MACRO __ANDWMNN
                 	LDS  R30,@0+(@1)
                 	ANDI R30,LOW(@2)
                 	STS  @0+(@1),R30
                 	LDS  R30,@0+(@1)+1
                 	ANDI R30,HIGH(@2)
                 	STS  @0+(@1)+1,R30
                 	.ENDM
                 
                 	.MACRO __ANDD1N
                 	ANDI R30,LOW(@0)
                 	ANDI R31,HIGH(@0)
                 	ANDI R22,BYTE3(@0)
                 	ANDI R23,BYTE4(@0)
                 	.ENDM
                 
                 	.MACRO __ANDD2N
                 	ANDI R26,LOW(@0)
                 	ANDI R27,HIGH(@0)
                 	ANDI R24,BYTE3(@0)
                 	ANDI R25,BYTE4(@0)
                 	.ENDM
                 
                 	.MACRO __ORBMNN
                 	LDS  R30,@0+(@1)
                 	ORI  R30,LOW(@2)
                 	STS  @0+(@1),R30
                 	.ENDM
                 
                 	.MACRO __ORWMNN
                 	LDS  R30,@0+(@1)
                 	ORI  R30,LOW(@2)
                 	STS  @0+(@1),R30
                 	LDS  R30,@0+(@1)+1
                 	ORI  R30,HIGH(@2)
                 	STS  @0+(@1)+1,R30
                 	.ENDM
                 
                 	.MACRO __ORD1N
                 	ORI  R30,LOW(@0)
                 	ORI  R31,HIGH(@0)
                 	ORI  R22,BYTE3(@0)
                 	ORI  R23,BYTE4(@0)
                 	.ENDM
                 
                 	.MACRO __ORD2N
                 	ORI  R26,LOW(@0)
                 	ORI  R27,HIGH(@0)
                 	ORI  R24,BYTE3(@0)
                 	ORI  R25,BYTE4(@0)
                 	.ENDM
                 
                 	.MACRO __DELAY_USB
                 	LDI  R24,LOW(@0)
                 __DELAY_USB_LOOP:
                 	DEC  R24
                 	BRNE __DELAY_USB_LOOP
                 	.ENDM
                 
                 	.MACRO __DELAY_USW
                 	LDI  R24,LOW(@0)
                 	LDI  R25,HIGH(@0)
                 __DELAY_USW_LOOP:
                 	SBIW R24,1
                 	BRNE __DELAY_USW_LOOP
                 	.ENDM
                 
                 	.MACRO __GETD1S
                 	LDD  R30,Y+@0
                 	LDD  R31,Y+@0+1
                 	LDD  R22,Y+@0+2
                 	LDD  R23,Y+@0+3
                 	.ENDM
                 
                 	.MACRO __GETD2S
                 	LDD  R26,Y+@0
                 	LDD  R27,Y+@0+1
                 	LDD  R24,Y+@0+2
                 	LDD  R25,Y+@0+3
                 	.ENDM
                 
                 	.MACRO __PUTD1S
                 	STD  Y+@0,R30
                 	STD  Y+@0+1,R31
                 	STD  Y+@0+2,R22
                 	STD  Y+@0+3,R23
                 	.ENDM
                 
                 	.MACRO __PUTD2S
                 	STD  Y+@0,R26
                 	STD  Y+@0+1,R27
                 	STD  Y+@0+2,R24
                 	STD  Y+@0+3,R25
                 	.ENDM
                 
                 	.MACRO __PUTDZ2
                 	STD  Z+@0,R26
                 	STD  Z+@0+1,R27
                 	STD  Z+@0+2,R24
                 	STD  Z+@0+3,R25
                 	.ENDM
                 
                 	.MACRO __CLRD1S
                 	STD  Y+@0,R30
                 	STD  Y+@0+1,R30
                 	STD  Y+@0+2,R30
                 	STD  Y+@0+3,R30
                 	.ENDM
                 
                 	.MACRO __POINTB1MN
                 	LDI  R30,LOW(@0+(@1))
                 	.ENDM
                 
                 	.MACRO __POINTW1MN
                 	LDI  R30,LOW(@0+(@1))
                 	LDI  R31,HIGH(@0+(@1))
                 	.ENDM
                 
                 	.MACRO __POINTD1M
                 	LDI  R30,LOW(@0)
                 	LDI  R31,HIGH(@0)
                 	LDI  R22,BYTE3(@0)
                 	LDI  R23,BYTE4(@0)
                 	.ENDM
                 
                 	.MACRO __POINTW1FN
                 	LDI  R30,LOW(2*@0+(@1))
                 	LDI  R31,HIGH(2*@0+(@1))
                 	.ENDM
                 
                 	.MACRO __POINTD1FN
                 	LDI  R30,LOW(2*@0+(@1))
                 	LDI  R31,HIGH(2*@0+(@1))
                 	LDI  R22,BYTE3(2*@0+(@1))
                 	LDI  R23,BYTE4(2*@0+(@1))
                 	.ENDM
                 
                 	.MACRO __POINTB2MN
                 	LDI  R26,LOW(@0+(@1))
                 	.ENDM
                 
                 	.MACRO __POINTW2MN
                 	LDI  R26,LOW(@0+(@1))
                 	LDI  R27,HIGH(@0+(@1))
                 	.ENDM
                 
                 	.MACRO __POINTW2FN
                 	LDI  R26,LOW(2*@0+(@1))
                 	LDI  R27,HIGH(2*@0+(@1))
                 	.ENDM
                 
                 	.MACRO __POINTD2FN
                 	LDI  R26,LOW(2*@0+(@1))
                 	LDI  R27,HIGH(2*@0+(@1))
                 	LDI  R24,BYTE3(2*@0+(@1))
                 	LDI  R25,BYTE4(2*@0+(@1))
                 	.ENDM
                 
                 	.MACRO __POINTBRM
                 	LDI  R@0,LOW(@1)
                 	.ENDM
                 
                 	.MACRO __POINTWRM
                 	LDI  R@0,LOW(@2)
                 	LDI  R@1,HIGH(@2)
                 	.ENDM
                 
                 	.MACRO __POINTBRMN
                 	LDI  R@0,LOW(@1+(@2))
                 	.ENDM
                 
                 	.MACRO __POINTWRMN
                 	LDI  R@0,LOW(@2+(@3))
                 	LDI  R@1,HIGH(@2+(@3))
                 	.ENDM
                 
                 	.MACRO __POINTWRFN
                 	LDI  R@0,LOW(@2*2+(@3))
                 	LDI  R@1,HIGH(@2*2+(@3))
                 	.ENDM
                 
                 	.MACRO __GETD1N
                 	LDI  R30,LOW(@0)
                 	LDI  R31,HIGH(@0)
                 	LDI  R22,BYTE3(@0)
                 	LDI  R23,BYTE4(@0)
                 	.ENDM
                 
                 	.MACRO __GETD2N
                 	LDI  R26,LOW(@0)
                 	LDI  R27,HIGH(@0)
                 	LDI  R24,BYTE3(@0)
                 	LDI  R25,BYTE4(@0)
                 	.ENDM
                 
                 	.MACRO __GETB1MN
                 	LDS  R30,@0+(@1)
                 	.ENDM
                 
                 	.MACRO __GETB1HMN
                 	LDS  R31,@0+(@1)
                 	.ENDM
                 
                 	.MACRO __GETW1MN
                 	LDS  R30,@0+(@1)
                 	LDS  R31,@0+(@1)+1
                 	.ENDM
                 
                 	.MACRO __GETD1MN
                 	LDS  R30,@0+(@1)
                 	LDS  R31,@0+(@1)+1
                 	LDS  R22,@0+(@1)+2
                 	LDS  R23,@0+(@1)+3
                 	.ENDM
                 
                 	.MACRO __GETBRMN
                 	LDS  R@0,@1+(@2)
                 	.ENDM
                 
                 	.MACRO __GETWRMN
                 	LDS  R@0,@2+(@3)
                 	LDS  R@1,@2+(@3)+1
                 	.ENDM
                 
                 	.MACRO __GETWRZ
                 	LDD  R@0,Z+@2
                 	LDD  R@1,Z+@2+1
                 	.ENDM
                 
                 	.MACRO __GETD2Z
                 	LDD  R26,Z+@0
                 	LDD  R27,Z+@0+1
                 	LDD  R24,Z+@0+2
                 	LDD  R25,Z+@0+3
                 	.ENDM
                 
                 	.MACRO __GETB2MN
                 	LDS  R26,@0+(@1)
                 	.ENDM
                 
                 	.MACRO __GETW2MN
                 	LDS  R26,@0+(@1)
                 	LDS  R27,@0+(@1)+1
                 	.ENDM
                 
                 	.MACRO __GETD2MN
                 	LDS  R26,@0+(@1)
                 	LDS  R27,@0+(@1)+1
                 	LDS  R24,@0+(@1)+2
                 	LDS  R25,@0+(@1)+3
                 	.ENDM
                 
                 	.MACRO __PUTB1MN
                 	STS  @0+(@1),R30
                 	.ENDM
                 
                 	.MACRO __PUTW1MN
                 	STS  @0+(@1),R30
                 	STS  @0+(@1)+1,R31
                 	.ENDM
                 
                 	.MACRO __PUTD1MN
                 	STS  @0+(@1),R30
                 	STS  @0+(@1)+1,R31
                 	STS  @0+(@1)+2,R22
                 	STS  @0+(@1)+3,R23
                 	.ENDM
                 
                 	.MACRO __PUTB1EN
                 	LDI  R26,LOW(@0+(@1))
                 	LDI  R27,HIGH(@0+(@1))
                 	CALL __EEPROMWRB
                 	.ENDM
                 
                 	.MACRO __PUTW1EN
                 	LDI  R26,LOW(@0+(@1))
                 	LDI  R27,HIGH(@0+(@1))
                 	CALL __EEPROMWRW
                 	.ENDM
                 
                 	.MACRO __PUTD1EN
                 	LDI  R26,LOW(@0+(@1))
                 	LDI  R27,HIGH(@0+(@1))
                 	CALL __EEPROMWRD
                 	.ENDM
                 
                 	.MACRO __PUTBR0MN
                 	STS  @0+(@1),R0
                 	.ENDM
                 
                 	.MACRO __PUTBMRN
                 	STS  @0+(@1),R@2
                 	.ENDM
                 
                 	.MACRO __PUTWMRN
                 	STS  @0+(@1),R@2
                 	STS  @0+(@1)+1,R@3
                 	.ENDM
                 
                 	.MACRO __PUTBZR
                 	STD  Z+@1,R@0
                 	.ENDM
                 
                 	.MACRO __PUTWZR
                 	STD  Z+@2,R@0
                 	STD  Z+@2+1,R@1
                 	.ENDM
                 
                 	.MACRO __GETW1R
                 	MOV  R30,R@0
                 	MOV  R31,R@1
                 	.ENDM
                 
                 	.MACRO __GETW2R
                 	MOV  R26,R@0
                 	MOV  R27,R@1
                 	.ENDM
                 
                 	.MACRO __GETWRN
                 	LDI  R@0,LOW(@2)
                 	LDI  R@1,HIGH(@2)
                 	.ENDM
                 
                 	.MACRO __PUTW1R
                 	MOV  R@0,R30
                 	MOV  R@1,R31
                 	.ENDM
                 
                 	.MACRO __PUTW2R
                 	MOV  R@0,R26
                 	MOV  R@1,R27
                 	.ENDM
                 
                 	.MACRO __ADDWRN
                 	SUBI R@0,LOW(-@2)
                 	SBCI R@1,HIGH(-@2)
                 	.ENDM
                 
                 	.MACRO __ADDWRR
                 	ADD  R@0,R@2
                 	ADC  R@1,R@3
                 	.ENDM
                 
                 	.MACRO __SUBWRN
                 	SUBI R@0,LOW(@2)
                 	SBCI R@1,HIGH(@2)
                 	.ENDM
                 
                 	.MACRO __SUBWRR
                 	SUB  R@0,R@2
                 	SBC  R@1,R@3
                 	.ENDM
                 
                 	.MACRO __ANDWRN
                 	ANDI R@0,LOW(@2)
                 	ANDI R@1,HIGH(@2)
                 	.ENDM
                 
                 	.MACRO __ANDWRR
                 	AND  R@0,R@2
                 	AND  R@1,R@3
                 	.ENDM
                 
                 	.MACRO __ORWRN
                 	ORI  R@0,LOW(@2)
                 	ORI  R@1,HIGH(@2)
                 	.ENDM
                 
                 	.MACRO __ORWRR
                 	OR   R@0,R@2
                 	OR   R@1,R@3
                 	.ENDM
                 
                 	.MACRO __EORWRR
                 	EOR  R@0,R@2
                 	EOR  R@1,R@3
                 	.ENDM
                 
                 	.MACRO __GETWRS
                 	LDD  R@0,Y+@2
                 	LDD  R@1,Y+@2+1
                 	.ENDM
                 
                 	.MACRO __PUTBSR
                 	STD  Y+@1,R@0
                 	.ENDM
                 
                 	.MACRO __PUTWSR
                 	STD  Y+@2,R@0
                 	STD  Y+@2+1,R@1
                 	.ENDM
                 
                 	.MACRO __MOVEWRR
                 	MOV  R@0,R@2
                 	MOV  R@1,R@3
                 	.ENDM
                 
                 	.MACRO __INWR
                 	IN   R@0,@2
                 	IN   R@1,@2+1
                 	.ENDM
                 
                 	.MACRO __OUTWR
                 	OUT  @2+1,R@1
                 	OUT  @2,R@0
                 	.ENDM
                 
                 	.MACRO __CALL1MN
                 	LDS  R30,@0+(@1)
                 	LDS  R31,@0+(@1)+1
                 	ICALL
                 	.ENDM
                 
                 	.MACRO __CALL1FN
                 	LDI  R30,LOW(2*@0+(@1))
                 	LDI  R31,HIGH(2*@0+(@1))
                 	CALL __GETW1PF
                 	ICALL
                 	.ENDM
                 
                 	.MACRO __CALL2EN
                 	PUSH R26
                 	PUSH R27
                 	LDI  R26,LOW(@0+(@1))
                 	LDI  R27,HIGH(@0+(@1))
                 	CALL __EEPROMRDW
                 	POP  R27
                 	POP  R26
                 	ICALL
                 	.ENDM
                 
                 	.MACRO __CALL2EX
                 	SUBI R26,LOW(-@0)
                 	SBCI R27,HIGH(-@0)
                 	CALL __EEPROMRDD
                 	ICALL
                 	.ENDM
                 
                 	.MACRO __GETW1STACK
                 	IN   R30,SPL
                 	IN   R31,SPH
                 	ADIW R30,@0+1
                 	LD   R0,Z+
                 	LD   R31,Z
                 	MOV  R30,R0
                 	.ENDM
                 
                 	.MACRO __GETD1STACK
                 	IN   R30,SPL
                 	IN   R31,SPH
                 	ADIW R30,@0+1
                 	LD   R0,Z+
                 	LD   R1,Z+
                 	LD   R22,Z
                 	MOVW R30,R0
                 	.ENDM
                 
                 	.MACRO __NBST
                 	BST  R@0,@1
                 	IN   R30,SREG
                 	LDI  R31,0x40
                 	EOR  R30,R31
                 	OUT  SREG,R30
                 	.ENDM
                 
                 
                 	.MACRO __PUTB1SN
                 	LDD  R26,Y+@0
                 	LDD  R27,Y+@0+1
                 	SUBI R26,LOW(-@1)
                 	SBCI R27,HIGH(-@1)
                 	ST   X,R30
                 	.ENDM
                 
                 	.MACRO __PUTW1SN
                 	LDD  R26,Y+@0
                 	LDD  R27,Y+@0+1
                 	SUBI R26,LOW(-@1)
                 	SBCI R27,HIGH(-@1)
                 	ST   X+,R30
                 	ST   X,R31
                 	.ENDM
                 
                 	.MACRO __PUTD1SN
                 	LDD  R26,Y+@0
                 	LDD  R27,Y+@0+1
                 	SUBI R26,LOW(-@1)
                 	SBCI R27,HIGH(-@1)
                 	CALL __PUTDP1
                 	.ENDM
                 
                 	.MACRO __PUTB1SNS
                 	LDD  R26,Y+@0
                 	LDD  R27,Y+@0+1
                 	ADIW R26,@1
                 	ST   X,R30
                 	.ENDM
                 
                 	.MACRO __PUTW1SNS
                 	LDD  R26,Y+@0
                 	LDD  R27,Y+@0+1
                 	ADIW R26,@1
                 	ST   X+,R30
                 	ST   X,R31
                 	.ENDM
                 
                 	.MACRO __PUTD1SNS
                 	LDD  R26,Y+@0
                 	LDD  R27,Y+@0+1
                 	ADIW R26,@1
                 	CALL __PUTDP1
                 	.ENDM
                 
                 	.MACRO __PUTB1PMN
                 	LDS  R26,@0
                 	LDS  R27,@0+1
                 	SUBI R26,LOW(-@1)
                 	SBCI R27,HIGH(-@1)
                 	ST   X,R30
                 	.ENDM
                 
                 	.MACRO __PUTW1PMN
                 	LDS  R26,@0
                 	LDS  R27,@0+1
                 	SUBI R26,LOW(-@1)
                 	SBCI R27,HIGH(-@1)
                 	ST   X+,R30
                 	ST   X,R31
                 	.ENDM
                 
                 	.MACRO __PUTD1PMN
                 	LDS  R26,@0
                 	LDS  R27,@0+1
                 	SUBI R26,LOW(-@1)
                 	SBCI R27,HIGH(-@1)
                 	CALL __PUTDP1
                 	.ENDM
                 
                 	.MACRO __PUTB1PMNS
                 	LDS  R26,@0
                 	LDS  R27,@0+1
                 	ADIW R26,@1
                 	ST   X,R30
                 	.ENDM
                 
                 	.MACRO __PUTW1PMNS
                 	LDS  R26,@0
                 	LDS  R27,@0+1
                 	ADIW R26,@1
                 	ST   X+,R30
                 	ST   X,R31
                 	.ENDM
                 
                 	.MACRO __PUTD1PMNS
                 	LDS  R26,@0
                 	LDS  R27,@0+1
                 	ADIW R26,@1
                 	CALL __PUTDP1
                 	.ENDM
                 
                 	.MACRO __PUTB1RN
                 	MOVW R26,R@0
                 	SUBI R26,LOW(-@1)
                 	SBCI R27,HIGH(-@1)
                 	ST   X,R30
                 	.ENDM
                 
                 	.MACRO __PUTW1RN
                 	MOVW R26,R@0
                 	SUBI R26,LOW(-@1)
                 	SBCI R27,HIGH(-@1)
                 	ST   X+,R30
                 	ST   X,R31
                 	.ENDM
                 
                 	.MACRO __PUTD1RN
                 	MOVW R26,R@0
                 	SUBI R26,LOW(-@1)
                 	SBCI R27,HIGH(-@1)
                 	CALL __PUTDP1
                 	.ENDM
                 
                 	.MACRO __PUTB1RNS
                 	MOVW R26,R@0
                 	ADIW R26,@1
                 	ST   X,R30
                 	.ENDM
                 
                 	.MACRO __PUTW1RNS
                 	MOVW R26,R@0
                 	ADIW R26,@1
                 	ST   X+,R30
                 	ST   X,R31
                 	.ENDM
                 
                 	.MACRO __PUTD1RNS
                 	MOVW R26,R@0
                 	ADIW R26,@1
                 	CALL __PUTDP1
                 	.ENDM
                 
                 	.MACRO __PUTB1RON
                 	MOV  R26,R@0
                 	MOV  R27,R@1
                 	SUBI R26,LOW(-@2)
                 	SBCI R27,HIGH(-@2)
                 	ST   X,R30
                 	.ENDM
                 
                 	.MACRO __PUTW1RON
                 	MOV  R26,R@0
                 	MOV  R27,R@1
                 	SUBI R26,LOW(-@2)
                 	SBCI R27,HIGH(-@2)
                 	ST   X+,R30
                 	ST   X,R31
                 	.ENDM
                 
                 	.MACRO __PUTD1RON
                 	MOV  R26,R@0
                 	MOV  R27,R@1
                 	SUBI R26,LOW(-@2)
                 	SBCI R27,HIGH(-@2)
                 	CALL __PUTDP1
                 	.ENDM
                 
                 	.MACRO __PUTB1RONS
                 	MOV  R26,R@0
                 	MOV  R27,R@1
                 	ADIW R26,@2
                 	ST   X,R30
                 	.ENDM
                 
                 	.MACRO __PUTW1RONS
                 	MOV  R26,R@0
                 	MOV  R27,R@1
                 	ADIW R26,@2
                 	ST   X+,R30
                 	ST   X,R31
                 	.ENDM
                 
                 	.MACRO __PUTD1RONS
                 	MOV  R26,R@0
                 	MOV  R27,R@1
                 	ADIW R26,@2
                 	CALL __PUTDP1
                 	.ENDM
                 
                 
                 	.MACRO __GETB1SX
                 	MOVW R30,R28
                 	SUBI R30,LOW(-@0)
                 	SBCI R31,HIGH(-@0)
                 	LD   R30,Z
                 	.ENDM
                 
                 	.MACRO __GETB1HSX
                 	MOVW R30,R28
                 	SUBI R30,LOW(-@0)
                 	SBCI R31,HIGH(-@0)
                 	LD   R31,Z
                 	.ENDM
                 
                 	.MACRO __GETW1SX
                 	MOVW R30,R28
                 	SUBI R30,LOW(-@0)
                 	SBCI R31,HIGH(-@0)
                 	LD   R0,Z+
                 	LD   R31,Z
                 	MOV  R30,R0
                 	.ENDM
                 
                 	.MACRO __GETD1SX
                 	MOVW R30,R28
                 	SUBI R30,LOW(-@0)
                 	SBCI R31,HIGH(-@0)
                 	LD   R0,Z+
                 	LD   R1,Z+
                 	LD   R22,Z+
                 	LD   R23,Z
                 	MOVW R30,R0
                 	.ENDM
                 
                 	.MACRO __GETB2SX
                 	MOVW R26,R28
                 	SUBI R26,LOW(-@0)
                 	SBCI R27,HIGH(-@0)
                 	LD   R26,X
                 	.ENDM
                 
                 	.MACRO __GETW2SX
                 	MOVW R26,R28
                 	SUBI R26,LOW(-@0)
                 	SBCI R27,HIGH(-@0)
                 	LD   R0,X+
                 	LD   R27,X
                 	MOV  R26,R0
                 	.ENDM
                 
                 	.MACRO __GETD2SX
                 	MOVW R26,R28
                 	SUBI R26,LOW(-@0)
                 	SBCI R27,HIGH(-@0)
                 	LD   R0,X+
                 	LD   R1,X+
                 	LD   R24,X+
                 	LD   R25,X
                 	MOVW R26,R0
                 	.ENDM
                 
                 	.MACRO __GETBRSX
                 	MOVW R30,R28
                 	SUBI R30,LOW(-@1)
                 	SBCI R31,HIGH(-@1)
                 	LD   R@0,Z
                 	.ENDM
                 
                 	.MACRO __GETWRSX
                 	MOVW R30,R28
                 	SUBI R30,LOW(-@2)
                 	SBCI R31,HIGH(-@2)
                 	LD   R@0,Z+
                 	LD   R@1,Z
                 	.ENDM
                 
                 	.MACRO __GETBRSX2
                 	MOVW R26,R28
                 	SUBI R26,LOW(-@1)
                 	SBCI R27,HIGH(-@1)
                 	LD   R@0,X
                 	.ENDM
                 
                 	.MACRO __GETWRSX2
                 	MOVW R26,R28
                 	SUBI R26,LOW(-@2)
                 	SBCI R27,HIGH(-@2)
                 	LD   R@0,X+
                 	LD   R@1,X
                 	.ENDM
                 
                 	.MACRO __LSLW8SX
                 	MOVW R30,R28
                 	SUBI R30,LOW(-@0)
                 	SBCI R31,HIGH(-@0)
                 	LD   R31,Z
                 	CLR  R30
                 	.ENDM
                 
                 	.MACRO __PUTB1SX
                 	MOVW R26,R28
                 	SUBI R26,LOW(-@0)
                 	SBCI R27,HIGH(-@0)
                 	ST   X,R30
                 	.ENDM
                 
                 	.MACRO __PUTW1SX
                 	MOVW R26,R28
                 	SUBI R26,LOW(-@0)
                 	SBCI R27,HIGH(-@0)
                 	ST   X+,R30
                 	ST   X,R31
                 	.ENDM
                 
                 	.MACRO __PUTD1SX
                 	MOVW R26,R28
                 	SUBI R26,LOW(-@0)
                 	SBCI R27,HIGH(-@0)
                 	ST   X+,R30
                 	ST   X+,R31
                 	ST   X+,R22
                 	ST   X,R23
                 	.ENDM
                 
                 	.MACRO __CLRW1SX
                 	MOVW R26,R28
                 	SUBI R26,LOW(-@0)
                 	SBCI R27,HIGH(-@0)
                 	ST   X+,R30
                 	ST   X,R30
                 	.ENDM
                 
                 	.MACRO __CLRD1SX
                 	MOVW R26,R28
                 	SUBI R26,LOW(-@0)
                 	SBCI R27,HIGH(-@0)
                 	ST   X+,R30
                 	ST   X+,R30
                 	ST   X+,R30
                 	ST   X,R30
                 	.ENDM
                 
                 	.MACRO __PUTB2SX
                 	MOVW R30,R28
                 	SUBI R30,LOW(-@0)
                 	SBCI R31,HIGH(-@0)
                 	ST   Z,R26
                 	.ENDM
                 
                 	.MACRO __PUTW2SX
                 	MOVW R30,R28
                 	SUBI R30,LOW(-@0)
                 	SBCI R31,HIGH(-@0)
                 	ST   Z+,R26
                 	ST   Z,R27
                 	.ENDM
                 
                 	.MACRO __PUTD2SX
                 	MOVW R30,R28
                 	SUBI R30,LOW(-@0)
                 	SBCI R31,HIGH(-@0)
                 	ST   Z+,R26
                 	ST   Z+,R27
                 	ST   Z+,R24
                 	ST   Z,R25
                 	.ENDM
                 
                 	.MACRO __PUTBSRX
                 	MOVW R30,R28
                 	SUBI R30,LOW(-@1)
                 	SBCI R31,HIGH(-@1)
                 	ST   Z,R@0
                 	.ENDM
                 
                 	.MACRO __PUTWSRX
                 	MOVW R30,R28
                 	SUBI R30,LOW(-@2)
                 	SBCI R31,HIGH(-@2)
                 	ST   Z+,R@0
                 	ST   Z,R@1
                 	.ENDM
                 
                 	.MACRO __PUTB1SNX
                 	MOVW R26,R28
                 	SUBI R26,LOW(-@0)
                 	SBCI R27,HIGH(-@0)
                 	LD   R0,X+
                 	LD   R27,X
                 	MOV  R26,R0
                 	SUBI R26,LOW(-@1)
                 	SBCI R27,HIGH(-@1)
                 	ST   X,R30
                 	.ENDM
                 
                 	.MACRO __PUTW1SNX
                 	MOVW R26,R28
                 	SUBI R26,LOW(-@0)
                 	SBCI R27,HIGH(-@0)
                 	LD   R0,X+
                 	LD   R27,X
                 	MOV  R26,R0
                 	SUBI R26,LOW(-@1)
                 	SBCI R27,HIGH(-@1)
                 	ST   X+,R30
                 	ST   X,R31
                 	.ENDM
                 
                 	.MACRO __PUTD1SNX
                 	MOVW R26,R28
                 	SUBI R26,LOW(-@0)
                 	SBCI R27,HIGH(-@0)
                 	LD   R0,X+
                 	LD   R27,X
                 	MOV  R26,R0
                 	SUBI R26,LOW(-@1)
                 	SBCI R27,HIGH(-@1)
                 	ST   X+,R30
                 	ST   X+,R31
                 	ST   X+,R22
                 	ST   X,R23
                 	.ENDM
                 
                 	.MACRO __MULBRR
                 	MULS R@0,R@1
                 	MOVW R30,R0
                 	.ENDM
                 
                 	.MACRO __MULBRRU
                 	MUL  R@0,R@1
                 	MOVW R30,R0
                 	.ENDM
                 
                 	.MACRO __MULBRR0
                 	MULS R@0,R@1
                 	.ENDM
                 
                 	.MACRO __MULBRRU0
                 	MUL  R@0,R@1
                 	.ENDM
                 
                 	.MACRO __MULBNWRU
                 	LDI  R26,@2
                 	MUL  R26,R@0
                 	MOVW R30,R0
                 	MUL  R26,R@1
                 	ADD  R31,R0
                 	.ENDM
                 
                 ;NAME DEFINITIONS FOR GLOBAL VARIABLES ALLOCATED TO REGISTERS
                 	.DEF _sec=R4
                 	.DEF _sec_msb=R5
                 	.DEF _min=R6
                 	.DEF _min_msb=R7
                 	.DEF _hour=R8
                 	.DEF _hour_msb=R9
                 	.DEF __lcd_x=R11
                 	.DEF __lcd_y=R10
                 	.DEF __lcd_maxx=R13
                 
                 	.CSEG
                 	.ORG 0x00
                 
                 ;START OF CODE MARKER
                 __START_OF_CODE:
                 
                 ;INTERRUPT VECTORS
000000 940c 0047 	JMP  __RESET
000002 940c 0074 	JMP  _ext_int0_isr
000004 940c 0080 	JMP  _ext_int1_isr
000006 940c 0000 	JMP  0x00
000008 940c 0000 	JMP  0x00
00000a 940c 0090 	JMP  _timer2_ovf_isr
00000c 940c 0000 	JMP  0x00
00000e 940c 0000 	JMP  0x00
000010 940c 0000 	JMP  0x00
000012 940c 0000 	JMP  0x00
000014 940c 0000 	JMP  0x00
000016 940c 0000 	JMP  0x00
000018 940c 0000 	JMP  0x00
00001a 940c 0000 	JMP  0x00
00001c 940c 0000 	JMP  0x00
00001e 940c 0000 	JMP  0x00
000020 940c 0000 	JMP  0x00
000022 940c 0000 	JMP  0x00
000024 940c 0000 	JMP  0x00
000026 940c 0000 	JMP  0x00
000028 940c 0000 	JMP  0x00
                 
                 _tbl10_G101:
00002a 2710
00002b 03e8
00002c 0064
00002d 000a      	.DB  0x10,0x27,0xE8,0x3,0x64,0x0,0xA,0x0
00002e 0001      	.DB  0x1,0x0
                 _tbl16_G101:
00002f 1000
000030 0100
000031 0010
000032 0001      	.DB  0x0,0x10,0x0,0x1,0x10,0x0,0x1,0x0
                 
                 ;GLOBAL REGISTER VARIABLES INITIALIZATION
                 __REG_VARS:
000033 0000
000034 0000      	.DB  0x0,0x0,0x0,0x0
000035 0000      	.DB  0x0,0x0
                 
                 _0x0:
000036 6974
000037 656d
000038 253a
000039 6432      	.DB  0x74,0x69,0x6D,0x65,0x3A,0x25,0x32,0x64
00003a 253a
00003b 6432
00003c 253a
00003d 6432      	.DB  0x3A,0x25,0x32,0x64,0x3A,0x25,0x32,0x64
E:\University\Electerical\Labs\MicroProcessor\Fall 01-02\Lab 10\Code\Debug\List\UP_Lab10.asm(1141): warning: .cseg .db misalignment - padding zero byte
00003e 0000      	.DB  0x0
                 _0x2000003:
00003f c080      	.DB  0x80,0xC0
                 
                 __GLOBAL_INI_TBL:
000040 0006      	.DW  0x06
000041 0004      	.DW  0x04
000042 0066      	.DW  __REG_VARS*2
                 
000043 0002      	.DW  0x02
000044 0271      	.DW  __base_y_G100
000045 007e      	.DW  _0x2000003*2
                 
                 _0xFFFFFFFF:
000046 0000      	.DW  0
                 
                 #define __GLOBAL_INI_TBL_PRESENT 1
                 
                 __RESET:
000047 94f8      	CLI
000048 27ee      	CLR  R30
000049 bbec      	OUT  EECR,R30
                 
                 ;INTERRUPT VECTORS ARE PLACED
                 ;AT THE START OF FLASH
00004a e0f1      	LDI  R31,1
00004b bffb      	OUT  GICR,R31
00004c bfeb      	OUT  GICR,R30
00004d bfe5      	OUT  MCUCR,R30
                 
                 ;CLEAR R2-R14
00004e e08d      	LDI  R24,(14-2)+1
00004f e0a2      	LDI  R26,2
000050 27bb      	CLR  R27
                 __CLEAR_REG:
000051 93ed      	ST   X+,R30
000052 958a      	DEC  R24
000053 f7e9      	BRNE __CLEAR_REG
                 
                 ;CLEAR SRAM
000054 e080      	LDI  R24,LOW(__CLEAR_SRAM_SIZE)
000055 e098      	LDI  R25,HIGH(__CLEAR_SRAM_SIZE)
000056 e6a0      	LDI  R26,__SRAM_START
                 __CLEAR_SRAM:
000057 93ed      	ST   X+,R30
000058 9701      	SBIW R24,1
000059 f7e9      	BRNE __CLEAR_SRAM
                 
                 ;GLOBAL VARIABLES INITIALIZATION
00005a e8e0      	LDI  R30,LOW(__GLOBAL_INI_TBL*2)
00005b e0f0      	LDI  R31,HIGH(__GLOBAL_INI_TBL*2)
                 __GLOBAL_INI_NEXT:
00005c 9185      	LPM  R24,Z+
00005d 9195      	LPM  R25,Z+
00005e 9700      	SBIW R24,0
00005f f061      	BREQ __GLOBAL_INI_END
000060 91a5      	LPM  R26,Z+
000061 91b5      	LPM  R27,Z+
000062 9005      	LPM  R0,Z+
000063 9015      	LPM  R1,Z+
000064 01bf      	MOVW R22,R30
000065 01f0      	MOVW R30,R0
                 __GLOBAL_INI_LOOP:
000066 9005      	LPM  R0,Z+
000067 920d      	ST   X+,R0
000068 9701      	SBIW R24,1
000069 f7e1      	BRNE __GLOBAL_INI_LOOP
00006a 01fb      	MOVW R30,R22
00006b cff0      	RJMP __GLOBAL_INI_NEXT
                 __GLOBAL_INI_END:
                 
                 ;HARDWARE STACK POINTER INITIALIZATION
00006c e5ef      	LDI  R30,LOW(__SRAM_END-__HEAP_SIZE)
00006d bfed      	OUT  SPL,R30
00006e e0e8      	LDI  R30,HIGH(__SRAM_END-__HEAP_SIZE)
00006f bfee      	OUT  SPH,R30
                 
                 ;DATA STACK POINTER INITIALIZATION
000070 e6c0      	LDI  R28,LOW(__SRAM_START+__DSTACK_SIZE)
000071 e0d2      	LDI  R29,HIGH(__SRAM_START+__DSTACK_SIZE)
                 
000072 940c 00d8 	JMP  _main
                 
                 	.ESEG
                 	.ORG 0
                 
                 	.DSEG
                 	.ORG 0x260
                 
                 	.CSEG
                 ;//           ******************************************************
                 ;//          **   Processor      : ATMEGA 32                       **
                 ;//         ***   Frequency      : 8MHz External Clock             ***
                 ;//        ****   AUTHOR         : Reza Adinepour                  ****
                 ;//        ****   Linkedin       : linkedin.com/reza_adinepour/    ****
                 ;//         ***   Student ID:    : 9814303                         ***
                 ;//          **   Github         : github.com/reza_adinepour/      **
                 ;//           ******************************************************
                 ;
                 ;#include <mega32.h>
                 	#ifndef __SLEEP_DEFINED__
                 	#define __SLEEP_DEFINED__
                 	.EQU __se_bit=0x80
                 	.EQU __sm_mask=0x70
                 	.EQU __sm_powerdown=0x20
                 	.EQU __sm_powersave=0x30
                 	.EQU __sm_standby=0x60
                 	.EQU __sm_ext_standby=0x70
                 	.EQU __sm_adc_noise_red=0x10
                 	.SET power_ctrl_reg=mcucr
                 	#endif
                 ;#include <alcd.h>
                 ;#include <stdio.h>
                 ;
                 ;int sec = 0, min = 0, hour = 0;
                 ;unsigned char str[17];
                 ;
                 ;// External Interrupt 0 service routine
                 ;interrupt [EXT_INT0] void ext_int0_isr(void)
                 ; 0000 0013 {
                 
                 	.CSEG
                 _ext_int0_isr:
                 ; .FSTART _ext_int0_isr
000074 93ea      	ST   -Y,R30
000075 93fa      	ST   -Y,R31
000076 b7ef      	IN   R30,SREG
000077 93ea      	ST   -Y,R30
                 ; 0000 0014     if(PIND.2 == 0)
000078 9982      	SBIC 0x10,2
000079 c005      	RJMP _0x3
                 ; 0000 0015     {
                 ; 0000 0016         min++;
00007a 940e 034c 	CALL SUBOPT_0x0
                 ; 0000 0017         if(min == 60)
00007c f411      	BRNE _0x4
                 ; 0000 0018             min = 0;
00007d 2466      	CLR  R6
00007e 2477      	CLR  R7
                 ; 0000 0019     }
                 _0x4:
                 ; 0000 001A }
                 _0x3:
00007f c00b      	RJMP _0xE
                 ; .FEND
                 ;
                 ;// External Interrupt 1 service routine
                 ;interrupt [EXT_INT1] void ext_int1_isr(void)
                 ; 0000 001E {
                 _ext_int1_isr:
                 ; .FSTART _ext_int1_isr
000080 93ea      	ST   -Y,R30
000081 93fa      	ST   -Y,R31
000082 b7ef      	IN   R30,SREG
000083 93ea      	ST   -Y,R30
                 ; 0000 001F     if(PIND.3 == 0)
000084 9983      	SBIC 0x10,3
000085 c005      	RJMP _0x5
                 ; 0000 0020     {
                 ; 0000 0021         hour++;
000086 940e 0354 	CALL SUBOPT_0x1
                 ; 0000 0022         if(hour == 24)
000088 f411      	BRNE _0x6
                 ; 0000 0023             hour = 0;
000089 2488      	CLR  R8
00008a 2499      	CLR  R9
                 ; 0000 0024     }
                 _0x6:
                 ; 0000 0025 }
                 _0x5:
                 _0xE:
00008b 91e9      	LD   R30,Y+
00008c bfef      	OUT  SREG,R30
00008d 91f9      	LD   R31,Y+
00008e 91e9      	LD   R30,Y+
00008f 9518      	RETI
                 ; .FEND
                 ;
                 ;// Timer2 overflow interrupt service routine
                 ;interrupt [TIM2_OVF] void timer2_ovf_isr(void)
                 ; 0000 0029 {
                 _timer2_ovf_isr:
                 ; .FSTART _timer2_ovf_isr
000090 920a      	ST   -Y,R0
000091 921a      	ST   -Y,R1
000092 92fa      	ST   -Y,R15
000093 936a      	ST   -Y,R22
000094 937a      	ST   -Y,R23
000095 938a      	ST   -Y,R24
000096 939a      	ST   -Y,R25
000097 93aa      	ST   -Y,R26
000098 93ba      	ST   -Y,R27
000099 93ea      	ST   -Y,R30
00009a 93fa      	ST   -Y,R31
00009b b7ef      	IN   R30,SREG
00009c 93ea      	ST   -Y,R30
                 ; 0000 002A     sec++;
00009d 01f2      	MOVW R30,R4
00009e 9631      	ADIW R30,1
00009f 012f      	MOVW R4,R30
                 ; 0000 002B     if(sec == 60)
0000a0 e3ec      	LDI  R30,LOW(60)
0000a1 e0f0      	LDI  R31,HIGH(60)
0000a2 15e4      	CP   R30,R4
0000a3 05f5      	CPC  R31,R5
0000a4 f461      	BRNE _0x7
                 ; 0000 002C     {
                 ; 0000 002D         sec = 0;
0000a5 2444      	CLR  R4
0000a6 2455      	CLR  R5
                 ; 0000 002E         min++;
0000a7 940e 034c 	CALL SUBOPT_0x0
                 ; 0000 002F         if(min == 60)
0000a9 f439      	BRNE _0x8
                 ; 0000 0030         {
                 ; 0000 0031             min = 0;
0000aa 2466      	CLR  R6
0000ab 2477      	CLR  R7
                 ; 0000 0032             hour++;
0000ac 940e 0354 	CALL SUBOPT_0x1
                 ; 0000 0033             if(hour == 24)
0000ae f411      	BRNE _0x9
                 ; 0000 0034             {
                 ; 0000 0035                 hour = 0;
0000af 2488      	CLR  R8
0000b0 2499      	CLR  R9
                 ; 0000 0036             }
                 ; 0000 0037         }
                 _0x9:
                 ; 0000 0038     }
                 _0x8:
                 ; 0000 0039     sprintf(str, "time:%2d:%2d:%2d", hour, min, sec);
                 _0x7:
0000b1 e6e0      	LDI  R30,LOW(_str)
0000b2 e0f2      	LDI  R31,HIGH(_str)
0000b3 93fa      	ST   -Y,R31
0000b4 93ea      	ST   -Y,R30
                +
0000b5 e6ec     +LDI R30 , LOW ( 2 * _0x0 + ( 0 ) )
0000b6 e0f0     +LDI R31 , HIGH ( 2 * _0x0 + ( 0 ) )
                 	__POINTW1FN _0x0,0
0000b7 93fa      	ST   -Y,R31
0000b8 93ea      	ST   -Y,R30
0000b9 01f4      	MOVW R30,R8
0000ba 940e 035c 	CALL SUBOPT_0x2
0000bc 01f3      	MOVW R30,R6
0000bd 940e 035c 	CALL SUBOPT_0x2
0000bf 01f2      	MOVW R30,R4
0000c0 940e 035c 	CALL SUBOPT_0x2
0000c2 e08c      	LDI  R24,12
0000c3 940e 02ff 	CALL _sprintf
0000c5 9660      	ADIW R28,16
                 ; 0000 003A     lcd_clear();
0000c6 d064      	RCALL _lcd_clear
                 ; 0000 003B     lcd_puts(str);
0000c7 e6a0      	LDI  R26,LOW(_str)
0000c8 e0b2      	LDI  R27,HIGH(_str)
0000c9 d082      	RCALL _lcd_puts
                 ; 0000 003C }
0000ca 91e9      	LD   R30,Y+
0000cb bfef      	OUT  SREG,R30
0000cc 91f9      	LD   R31,Y+
0000cd 91e9      	LD   R30,Y+
0000ce 91b9      	LD   R27,Y+
0000cf 91a9      	LD   R26,Y+
0000d0 9199      	LD   R25,Y+
0000d1 9189      	LD   R24,Y+
0000d2 9179      	LD   R23,Y+
0000d3 9169      	LD   R22,Y+
0000d4 90f9      	LD   R15,Y+
0000d5 9019      	LD   R1,Y+
0000d6 9009      	LD   R0,Y+
0000d7 9518      	RETI
                 ; .FEND
                 ;
                 ;void main(void)
                 ; 0000 003F {
                 _main:
                 ; .FSTART _main
                 ; 0000 0040     DDRA = 0xff;
0000d8 efef      	LDI  R30,LOW(255)
0000d9 bbea      	OUT  0x1A,R30
                 ; 0000 0041     PORTA = 0x00;
0000da e0e0      	LDI  R30,LOW(0)
0000db bbeb      	OUT  0x1B,R30
                 ; 0000 0042 
                 ; 0000 0043     DDRB = 0xff;
0000dc efef      	LDI  R30,LOW(255)
0000dd bbe7      	OUT  0x17,R30
                 ; 0000 0044     PORTB = 0x00;
0000de e0e0      	LDI  R30,LOW(0)
0000df bbe8      	OUT  0x18,R30
                 ; 0000 0045 
                 ; 0000 0046     DDRC = 0xff;
0000e0 efef      	LDI  R30,LOW(255)
0000e1 bbe4      	OUT  0x14,R30
                 ; 0000 0047     PORTC = 0x00;
0000e2 e0e0      	LDI  R30,LOW(0)
0000e3 bbe5      	OUT  0x15,R30
                 ; 0000 0048 
                 ; 0000 0049     DDRD = 0x00;
0000e4 bbe1      	OUT  0x11,R30
                 ; 0000 004A     PORTD = 0xff;
0000e5 efef      	LDI  R30,LOW(255)
0000e6 bbe2      	OUT  0x12,R30
                 ; 0000 004B 
                 ; 0000 004C     // Timer/Counter 2 initialization
                 ; 0000 004D     // Clock source: TOSC1 pin
                 ; 0000 004E     // Clock value: PCK2/128
                 ; 0000 004F     // Mode: Normal top=0xFF
                 ; 0000 0050     // OC2 output: Disconnected
                 ; 0000 0051     ASSR=1<<AS2;
0000e7 e0e8      	LDI  R30,LOW(8)
0000e8 bde2      	OUT  0x22,R30
                 ; 0000 0052     TCCR2=(0<<PWM2) | (0<<COM21) | (0<<COM20) | (0<<CTC2) | (1<<CS22) | (0<<CS21) | (1<<CS20);
0000e9 e0e5      	LDI  R30,LOW(5)
0000ea bde5      	OUT  0x25,R30
                 ; 0000 0053     TCNT2=0x00;
0000eb e0e0      	LDI  R30,LOW(0)
0000ec bde4      	OUT  0x24,R30
                 ; 0000 0054     OCR2=0x00;
0000ed bde3      	OUT  0x23,R30
                 ; 0000 0055 
                 ; 0000 0056     // Timer(s)/Counter(s) Interrupt(s) initialization
                 ; 0000 0057     TIMSK=(0<<OCIE2) | (1<<TOIE2) | (0<<TICIE1) | (0<<OCIE1A) | (0<<OCIE1B) | (0<<TOIE1) | (0<<OCIE0) | (0<<TOIE0);
0000ee e4e0      	LDI  R30,LOW(64)
0000ef bfe9      	OUT  0x39,R30
                 ; 0000 0058 
                 ; 0000 0059     // External Interrupt(s) initialization
                 ; 0000 005A     // INT0: On
                 ; 0000 005B     // INT0 Mode: Falling Edge
                 ; 0000 005C     // INT1: On
                 ; 0000 005D     // INT1 Mode: Falling Edge
                 ; 0000 005E     // INT2: Off
                 ; 0000 005F     GICR|=(1<<INT1) | (1<<INT0) | (0<<INT2);
0000f0 b7eb      	IN   R30,0x3B
0000f1 6ce0      	ORI  R30,LOW(0xC0)
0000f2 bfeb      	OUT  0x3B,R30
                 ; 0000 0060     MCUCR=(1<<ISC11) | (0<<ISC10) | (1<<ISC01) | (0<<ISC00);
0000f3 e0ea      	LDI  R30,LOW(10)
0000f4 bfe5      	OUT  0x35,R30
                 ; 0000 0061     MCUCSR=(0<<ISC2);
0000f5 e0e0      	LDI  R30,LOW(0)
0000f6 bfe4      	OUT  0x34,R30
                 ; 0000 0062     GIFR=(1<<INTF1) | (1<<INTF0) | (0<<INTF2);
0000f7 ece0      	LDI  R30,LOW(192)
0000f8 bfea      	OUT  0x3A,R30
                 ; 0000 0063 
                 ; 0000 0064     // Alphanumeric LCD initialization
                 ; 0000 0065     // Connections are specified in the
                 ; 0000 0066     // Project|Configure|C Compiler|Libraries|Alphanumeric LCD menu:
                 ; 0000 0067     // RS - PORTA Bit 1
                 ; 0000 0068     // RD - PORTA Bit 2
                 ; 0000 0069     // EN - PORTA Bit 3
                 ; 0000 006A     // D4 - PORTA Bit 4
                 ; 0000 006B     // D5 - PORTA Bit 5
                 ; 0000 006C     // D6 - PORTA Bit 6
                 ; 0000 006D     // D7 - PORTA Bit 7
                 ; 0000 006E     // Characters/line: 16
                 ; 0000 006F     lcd_init(16);
0000f9 e1a0      	LDI  R26,LOW(16)
0000fa d062      	RCALL _lcd_init
                 ; 0000 0070 
                 ; 0000 0071     // Global enable interrupts
                 ; 0000 0072     #asm("sei")
0000fb 9478      	sei
                 ; 0000 0073 
                 ; 0000 0074     while (1)
                 _0xA:
                 ; 0000 0075     {
                 ; 0000 0076 
                 ; 0000 0077     }
0000fc cfff      	RJMP _0xA
                 ; 0000 0078 }
                 _0xD:
0000fd cfff      	RJMP _0xD
                 ; .FEND
                 	#ifndef __SLEEP_DEFINED__
                 	#endif
                 
                 	.DSEG
                 
                 	.CSEG
                 __lcd_write_nibble_G100:
                 ; .FSTART __lcd_write_nibble_G100
0000fe 93aa      	ST   -Y,R26
0000ff b3eb      	IN   R30,0x1B
000100 70ef      	ANDI R30,LOW(0xF)
000101 2fae      	MOV  R26,R30
000102 81e8      	LD   R30,Y
000103 7fe0      	ANDI R30,LOW(0xF0)
000104 2bea      	OR   R30,R26
000105 bbeb      	OUT  0x1B,R30
                +
000106 e08d     +LDI R24 , LOW ( 13 )
                +__DELAY_USB_LOOP :
000107 958a     +DEC R24
000108 f7f1     +BRNE __DELAY_USB_LOOP
                 	__DELAY_USB 13
000109 9adb      	SBI  0x1B,3
                +
00010a e08d     +LDI R24 , LOW ( 13 )
                +__DELAY_USB_LOOP :
00010b 958a     +DEC R24
00010c f7f1     +BRNE __DELAY_USB_LOOP
                 	__DELAY_USB 13
00010d 98db      	CBI  0x1B,3
                +
00010e e08d     +LDI R24 , LOW ( 13 )
                +__DELAY_USB_LOOP :
00010f 958a     +DEC R24
000110 f7f1     +BRNE __DELAY_USB_LOOP
                 	__DELAY_USB 13
000111 c077      	RJMP _0x2080002
                 ; .FEND
                 __lcd_write_data:
                 ; .FSTART __lcd_write_data
000112 93aa      	ST   -Y,R26
000113 81a8      	LD   R26,Y
000114 dfe9      	RCALL __lcd_write_nibble_G100
000115 81e8          ld    r30,y
000116 95e2          swap  r30
000117 83e8          st    y,r30
000118 81a8      	LD   R26,Y
000119 dfe4      	RCALL __lcd_write_nibble_G100
                +
00011a e885     +LDI R24 , LOW ( 133 )
                +__DELAY_USB_LOOP :
00011b 958a     +DEC R24
00011c f7f1     +BRNE __DELAY_USB_LOOP
                 	__DELAY_USB 133
00011d c06b      	RJMP _0x2080002
                 ; .FEND
                 _lcd_gotoxy:
                 ; .FSTART _lcd_gotoxy
00011e 93aa      	ST   -Y,R26
00011f 81e8      	LD   R30,Y
000120 e0f0      	LDI  R31,0
000121 58ef      	SUBI R30,LOW(-__base_y_G100)
000122 4ffd      	SBCI R31,HIGH(-__base_y_G100)
000123 81e0      	LD   R30,Z
000124 81a9      	LDD  R26,Y+1
000125 0fae      	ADD  R26,R30
000126 dfeb      	RCALL __lcd_write_data
000127 80b9      	LDD  R11,Y+1
000128 80a8      	LDD  R10,Y+0
000129 9622      	ADIW R28,2
00012a 9508      	RET
                 ; .FEND
                 _lcd_clear:
                 ; .FSTART _lcd_clear
00012b e0a2      	LDI  R26,LOW(2)
00012c 940e 0361 	CALL SUBOPT_0x3
00012e e0ac      	LDI  R26,LOW(12)
00012f dfe2      	RCALL __lcd_write_data
000130 e0a1      	LDI  R26,LOW(1)
000131 940e 0361 	CALL SUBOPT_0x3
000133 e0e0      	LDI  R30,LOW(0)
000134 2eae      	MOV  R10,R30
000135 2ebe      	MOV  R11,R30
000136 9508      	RET
                 ; .FEND
                 _lcd_putchar:
                 ; .FSTART _lcd_putchar
000137 93aa      	ST   -Y,R26
000138 81a8      	LD   R26,Y
000139 30aa      	CPI  R26,LOW(0xA)
00013a f011      	BREQ _0x2000005
00013b 14bd      	CP   R11,R13
00013c f048      	BRLO _0x2000004
                 _0x2000005:
00013d e0e0      	LDI  R30,LOW(0)
00013e 93ea      	ST   -Y,R30
00013f 94a3      	INC  R10
000140 2daa      	MOV  R26,R10
000141 dfdc      	RCALL _lcd_gotoxy
000142 81a8      	LD   R26,Y
000143 30aa      	CPI  R26,LOW(0xA)
000144 f409      	BRNE _0x2000007
000145 c043      	RJMP _0x2080002
                 _0x2000007:
                 _0x2000004:
000146 94b3      	INC  R11
000147 9ad9      	SBI  0x1B,1
000148 81a8      	LD   R26,Y
000149 dfc8      	RCALL __lcd_write_data
00014a 98d9      	CBI  0x1B,1
00014b c03d      	RJMP _0x2080002
                 ; .FEND
                 _lcd_puts:
                 ; .FSTART _lcd_puts
00014c 93ba      	ST   -Y,R27
00014d 93aa      	ST   -Y,R26
00014e 931a      	ST   -Y,R17
                 _0x2000008:
00014f 81a9      	LDD  R26,Y+1
000150 81ba      	LDD  R27,Y+1+1
000151 91ed      	LD   R30,X+
000152 83a9      	STD  Y+1,R26
000153 83ba      	STD  Y+1+1,R27
000154 2f1e      	MOV  R17,R30
000155 30e0      	CPI  R30,0
000156 f019      	BREQ _0x200000A
000157 2fa1      	MOV  R26,R17
000158 dfde      	RCALL _lcd_putchar
000159 cff5      	RJMP _0x2000008
                 _0x200000A:
00015a 8118      	LDD  R17,Y+0
00015b 9623      	ADIW R28,3
00015c 9508      	RET
                 ; .FEND
                 _lcd_init:
                 ; .FSTART _lcd_init
00015d 93aa      	ST   -Y,R26
00015e b3ea      	IN   R30,0x1A
00015f 6fe0      	ORI  R30,LOW(0xF0)
000160 bbea      	OUT  0x1A,R30
000161 9ad3      	SBI  0x1A,3
000162 9ad1      	SBI  0x1A,1
000163 9ad2      	SBI  0x1A,2
000164 98db      	CBI  0x1B,3
000165 98d9      	CBI  0x1B,1
000166 98da      	CBI  0x1B,2
000167 80d8      	LDD  R13,Y+0
000168 81e8      	LD   R30,Y
000169 58e0      	SUBI R30,-LOW(128)
                +
00016a 93e0 0273+STS __base_y_G100 + ( 2 ) , R30
                 	__PUTB1MN __base_y_G100,2
00016c 81e8      	LD   R30,Y
00016d 54e0      	SUBI R30,-LOW(192)
                +
00016e 93e0 0274+STS __base_y_G100 + ( 3 ) , R30
                 	__PUTB1MN __base_y_G100,3
000170 e1a4      	LDI  R26,LOW(20)
000171 e0b0      	LDI  R27,0
000172 940e 039b 	CALL _delay_ms
000174 940e 0367 	CALL SUBOPT_0x4
000176 940e 0367 	CALL SUBOPT_0x4
000178 940e 0367 	CALL SUBOPT_0x4
00017a e2a0      	LDI  R26,LOW(32)
00017b df82      	RCALL __lcd_write_nibble_G100
                +
00017c ec88     +LDI R24 , LOW ( 200 )
00017d e090     +LDI R25 , HIGH ( 200 )
                +__DELAY_USW_LOOP :
00017e 9701     +SBIW R24 , 1
00017f f7f1     +BRNE __DELAY_USW_LOOP
                 	__DELAY_USW 200
000180 e2a8      	LDI  R26,LOW(40)
000181 df90      	RCALL __lcd_write_data
000182 e0a4      	LDI  R26,LOW(4)
000183 df8e      	RCALL __lcd_write_data
000184 e8a5      	LDI  R26,LOW(133)
000185 df8c      	RCALL __lcd_write_data
000186 e0a6      	LDI  R26,LOW(6)
000187 df8a      	RCALL __lcd_write_data
000188 dfa2      	RCALL _lcd_clear
                 _0x2080002:
000189 9621      	ADIW R28,1
00018a 9508      	RET
                 ; .FEND
                 	#ifndef __SLEEP_DEFINED__
                 	#endif
                 
                 	.CSEG
                 _put_buff_G101:
                 ; .FSTART _put_buff_G101
00018b 93ba      	ST   -Y,R27
00018c 93aa      	ST   -Y,R26
00018d 931a      	ST   -Y,R17
00018e 930a      	ST   -Y,R16
00018f 81aa      	LDD  R26,Y+2
000190 81bb      	LDD  R27,Y+2+1
000191 9612      	ADIW R26,2
000192 940e 03b2 	CALL __GETW1P
000194 9730      	SBIW R30,0
000195 f159      	BREQ _0x2020010
000196 81aa      	LDD  R26,Y+2
000197 81bb      	LDD  R27,Y+2+1
000198 9614      	ADIW R26,4
000199 940e 03b2 	CALL __GETW1P
00019b 018f      	MOVW R16,R30
00019c 9730      	SBIW R30,0
00019d f061      	BREQ _0x2020012
                +
00019e 3002     +CPI R16 , LOW ( 2 )
00019f e0e0     +LDI R30 , HIGH ( 2 )
0001a0 071e     +CPC R17 , R30
                 	__CPWRN 16,17,2
0001a1 f098      	BRLO _0x2020013
0001a2 01f8      	MOVW R30,R16
0001a3 9731      	SBIW R30,1
0001a4 018f      	MOVW R16,R30
                +
0001a5 81aa     +LDD R26 , Y + 2
0001a6 81bb     +LDD R27 , Y + 2 + 1
0001a7 9614     +ADIW R26 , 4
0001a8 93ed     +ST X + , R30
0001a9 93fc     +ST X , R31
                 	__PUTW1SNS 2,4
                 _0x2020012:
0001aa 81aa      	LDD  R26,Y+2
0001ab 81bb      	LDD  R27,Y+2+1
0001ac 9612      	ADIW R26,2
0001ad 91ed      	LD   R30,X+
0001ae 91fd      	LD   R31,X+
0001af 9631      	ADIW R30,1
0001b0 93fe      	ST   -X,R31
0001b1 93ee      	ST   -X,R30
0001b2 9731      	SBIW R30,1
0001b3 81ac      	LDD  R26,Y+4
0001b4 83a0      	STD  Z+0,R26
                 _0x2020013:
0001b5 81aa      	LDD  R26,Y+2
0001b6 81bb      	LDD  R27,Y+2+1
0001b7 940e 03b2 	CALL __GETW1P
0001b9 23ff      	TST  R31
0001ba f02a      	BRMI _0x2020014
0001bb 91ed      	LD   R30,X+
0001bc 91fd      	LD   R31,X+
0001bd 9631      	ADIW R30,1
0001be 93fe      	ST   -X,R31
0001bf 93ee      	ST   -X,R30
                 _0x2020014:
0001c0 c006      	RJMP _0x2020015
                 _0x2020010:
0001c1 81aa      	LDD  R26,Y+2
0001c2 81bb      	LDD  R27,Y+2+1
0001c3 efef      	LDI  R30,LOW(65535)
0001c4 efff      	LDI  R31,HIGH(65535)
0001c5 93ed      	ST   X+,R30
0001c6 93fc      	ST   X,R31
                 _0x2020015:
0001c7 8119      	LDD  R17,Y+1
0001c8 8108      	LDD  R16,Y+0
0001c9 9625      	ADIW R28,5
0001ca 9508      	RET
                 ; .FEND
                 __print_G101:
                 ; .FSTART __print_G101
0001cb 93ba      	ST   -Y,R27
0001cc 93aa      	ST   -Y,R26
0001cd 9726      	SBIW R28,6
0001ce 940e 03bf 	CALL __SAVELOCR6
0001d0 e010      	LDI  R17,0
0001d1 85ac      	LDD  R26,Y+12
0001d2 85bd      	LDD  R27,Y+12+1
0001d3 e0e0      	LDI  R30,LOW(0)
0001d4 e0f0      	LDI  R31,HIGH(0)
0001d5 93ed      	ST   X+,R30
0001d6 93fc      	ST   X,R31
                 _0x2020016:
0001d7 89ea      	LDD  R30,Y+18
0001d8 89fb      	LDD  R31,Y+18+1
0001d9 9631      	ADIW R30,1
0001da 8bea      	STD  Y+18,R30
0001db 8bfb      	STD  Y+18+1,R31
0001dc 9731      	SBIW R30,1
0001dd 91e4      	LPM  R30,Z
0001de 2f2e      	MOV  R18,R30
0001df 30e0      	CPI  R30,0
0001e0 f409      	BRNE PC+2
0001e1 c115      	RJMP _0x2020018
0001e2 2fe1      	MOV  R30,R17
0001e3 30e0      	CPI  R30,0
0001e4 f439      	BRNE _0x202001C
0001e5 3225      	CPI  R18,37
0001e6 f411      	BRNE _0x202001D
0001e7 e011      	LDI  R17,LOW(1)
0001e8 c002      	RJMP _0x202001E
                 _0x202001D:
0001e9 940e 036f 	CALL SUBOPT_0x5
                 _0x202001E:
0001eb c10a      	RJMP _0x202001B
                 _0x202001C:
0001ec 30e1      	CPI  R30,LOW(0x1)
0001ed f4a9      	BRNE _0x202001F
0001ee 3225      	CPI  R18,37
0001ef f419      	BRNE _0x2020020
0001f0 940e 036f 	CALL SUBOPT_0x5
0001f2 c102      	RJMP _0x20200CC
                 _0x2020020:
0001f3 e012      	LDI  R17,LOW(2)
0001f4 e040      	LDI  R20,LOW(0)
0001f5 e000      	LDI  R16,LOW(0)
0001f6 322d      	CPI  R18,45
0001f7 f411      	BRNE _0x2020021
0001f8 e001      	LDI  R16,LOW(1)
0001f9 c0fc      	RJMP _0x202001B
                 _0x2020021:
0001fa 322b      	CPI  R18,43
0001fb f411      	BRNE _0x2020022
0001fc e24b      	LDI  R20,LOW(43)
0001fd c0f8      	RJMP _0x202001B
                 _0x2020022:
0001fe 3220      	CPI  R18,32
0001ff f411      	BRNE _0x2020023
000200 e240      	LDI  R20,LOW(32)
000201 c0f4      	RJMP _0x202001B
                 _0x2020023:
000202 c002      	RJMP _0x2020024
                 _0x202001F:
000203 30e2      	CPI  R30,LOW(0x2)
000204 f439      	BRNE _0x2020025
                 _0x2020024:
000205 e050      	LDI  R21,LOW(0)
000206 e013      	LDI  R17,LOW(3)
000207 3320      	CPI  R18,48
000208 f411      	BRNE _0x2020026
000209 6800      	ORI  R16,LOW(128)
00020a c0eb      	RJMP _0x202001B
                 _0x2020026:
00020b c003      	RJMP _0x2020027
                 _0x2020025:
00020c 30e3      	CPI  R30,LOW(0x3)
00020d f009      	BREQ PC+2
00020e c0e7      	RJMP _0x202001B
                 _0x2020027:
00020f 3320      	CPI  R18,48
000210 f010      	BRLO _0x202002A
000211 332a      	CPI  R18,58
000212 f008      	BRLO _0x202002B
                 _0x202002A:
000213 c007      	RJMP _0x2020029
                 _0x202002B:
000214 e0aa      	LDI  R26,LOW(10)
000215 9f5a      	MUL  R21,R26
000216 2d50      	MOV  R21,R0
000217 2fe2      	MOV  R30,R18
000218 53e0      	SUBI R30,LOW(48)
000219 0f5e      	ADD  R21,R30
00021a c0db      	RJMP _0x202001B
                 _0x2020029:
00021b 2fe2      	MOV  R30,R18
00021c 36e3      	CPI  R30,LOW(0x63)
00021d f449      	BRNE _0x202002F
00021e 940e 0376 	CALL SUBOPT_0x6
000220 89e8      	LDD  R30,Y+16
000221 89f9      	LDD  R31,Y+16+1
000222 81a4      	LDD  R26,Z+4
000223 93aa      	ST   -Y,R26
000224 940e 037c 	CALL SUBOPT_0x7
000226 c0ce      	RJMP _0x2020030
                 _0x202002F:
000227 37e3      	CPI  R30,LOW(0x73)
000228 f441      	BRNE _0x2020032
000229 940e 0376 	CALL SUBOPT_0x6
00022b 940e 0382 	CALL SUBOPT_0x8
00022d 940e 0333 	CALL _strlen
00022f 2f1e      	MOV  R17,R30
000230 c00a      	RJMP _0x2020033
                 _0x2020032:
000231 37e0      	CPI  R30,LOW(0x70)
000232 f461      	BRNE _0x2020035
000233 940e 0376 	CALL SUBOPT_0x6
000235 940e 0382 	CALL SUBOPT_0x8
000237 940e 033f 	CALL _strlenf
000239 2f1e      	MOV  R17,R30
00023a 6008      	ORI  R16,LOW(8)
                 _0x2020033:
00023b 6002      	ORI  R16,LOW(2)
00023c 770f      	ANDI R16,LOW(127)
00023d e030      	LDI  R19,LOW(0)
00023e c034      	RJMP _0x2020036
                 _0x2020035:
00023f 36e4      	CPI  R30,LOW(0x64)
000240 f011      	BREQ _0x2020039
000241 36e9      	CPI  R30,LOW(0x69)
000242 f411      	BRNE _0x202003A
                 _0x2020039:
000243 6004      	ORI  R16,LOW(4)
000244 c002      	RJMP _0x202003B
                 _0x202003A:
000245 37e5      	CPI  R30,LOW(0x75)
000246 f431      	BRNE _0x202003C
                 _0x202003B:
000247 e5e4      	LDI  R30,LOW(_tbl10_G101*2)
000248 e0f0      	LDI  R31,HIGH(_tbl10_G101*2)
000249 83ee      	STD  Y+6,R30
00024a 83ff      	STD  Y+6+1,R31
00024b e015      	LDI  R17,LOW(5)
00024c c00c      	RJMP _0x202003D
                 _0x202003C:
00024d 35e8      	CPI  R30,LOW(0x58)
00024e f411      	BRNE _0x202003F
00024f 6008      	ORI  R16,LOW(8)
000250 c003      	RJMP _0x2020040
                 _0x202003F:
000251 37e8      	CPI  R30,LOW(0x78)
000252 f009      	BREQ PC+2
000253 c0a1      	RJMP _0x2020071
                 _0x2020040:
000254 e5ee      	LDI  R30,LOW(_tbl16_G101*2)
000255 e0f0      	LDI  R31,HIGH(_tbl16_G101*2)
000256 83ee      	STD  Y+6,R30
000257 83ff      	STD  Y+6+1,R31
000258 e014      	LDI  R17,LOW(4)
                 _0x202003D:
000259 ff02      	SBRS R16,2
00025a c014      	RJMP _0x2020042
00025b 940e 0376 	CALL SUBOPT_0x6
00025d 940e 038c 	CALL SUBOPT_0x9
00025f 85ab      	LDD  R26,Y+11
000260 23aa      	TST  R26
000261 f43a      	BRPL _0x2020043
000262 85ea      	LDD  R30,Y+10
000263 85fb      	LDD  R31,Y+10+1
000264 940e 03a9 	CALL __ANEGW1
000266 87ea      	STD  Y+10,R30
000267 87fb      	STD  Y+10+1,R31
000268 e24d      	LDI  R20,LOW(45)
                 _0x2020043:
000269 3040      	CPI  R20,0
00026a f011      	BREQ _0x2020044
00026b 5f1f      	SUBI R17,-LOW(1)
00026c c001      	RJMP _0x2020045
                 _0x2020044:
00026d 7f0b      	ANDI R16,LOW(251)
                 _0x2020045:
00026e c004      	RJMP _0x2020046
                 _0x2020042:
00026f 940e 0376 	CALL SUBOPT_0x6
000271 940e 038c 	CALL SUBOPT_0x9
                 _0x2020046:
                 _0x2020036:
000273 fd00      	SBRC R16,0
000274 c011      	RJMP _0x2020047
                 _0x2020048:
000275 1715      	CP   R17,R21
000276 f478      	BRSH _0x202004A
000277 ff07      	SBRS R16,7
000278 c008      	RJMP _0x202004B
000279 ff02      	SBRS R16,2
00027a c004      	RJMP _0x202004C
00027b 7f0b      	ANDI R16,LOW(251)
00027c 2f24      	MOV  R18,R20
00027d 5011      	SUBI R17,LOW(1)
00027e c001      	RJMP _0x202004D
                 _0x202004C:
00027f e320      	LDI  R18,LOW(48)
                 _0x202004D:
000280 c001      	RJMP _0x202004E
                 _0x202004B:
000281 e220      	LDI  R18,LOW(32)
                 _0x202004E:
000282 940e 036f 	CALL SUBOPT_0x5
000284 5051      	SUBI R21,LOW(1)
000285 cfef      	RJMP _0x2020048
                 _0x202004A:
                 _0x2020047:
000286 2f31      	MOV  R19,R17
000287 ff01      	SBRS R16,1
000288 c017      	RJMP _0x202004F
                 _0x2020050:
000289 3030      	CPI  R19,0
00028a f0a1      	BREQ _0x2020052
00028b ff03      	SBRS R16,3
00028c c006      	RJMP _0x2020053
00028d 81ee      	LDD  R30,Y+6
00028e 81ff      	LDD  R31,Y+6+1
00028f 9125      	LPM  R18,Z+
000290 83ee      	STD  Y+6,R30
000291 83ff      	STD  Y+6+1,R31
000292 c005      	RJMP _0x2020054
                 _0x2020053:
000293 81ae      	LDD  R26,Y+6
000294 81bf      	LDD  R27,Y+6+1
000295 912d      	LD   R18,X+
000296 83ae      	STD  Y+6,R26
000297 83bf      	STD  Y+6+1,R27
                 _0x2020054:
000298 940e 036f 	CALL SUBOPT_0x5
00029a 3050      	CPI  R21,0
00029b f009      	BREQ _0x2020055
00029c 5051      	SUBI R21,LOW(1)
                 _0x2020055:
00029d 5031      	SUBI R19,LOW(1)
00029e cfea      	RJMP _0x2020050
                 _0x2020052:
00029f c04b      	RJMP _0x2020056
                 _0x202004F:
                 _0x2020058:
0002a0 e320      	LDI  R18,LOW(48)
0002a1 81ee      	LDD  R30,Y+6
0002a2 81ff      	LDD  R31,Y+6+1
0002a3 940e 03b6 	CALL __GETW1PF
0002a5 87e8      	STD  Y+8,R30
0002a6 87f9      	STD  Y+8+1,R31
0002a7 81ee      	LDD  R30,Y+6
0002a8 81ff      	LDD  R31,Y+6+1
0002a9 9632      	ADIW R30,2
0002aa 83ee      	STD  Y+6,R30
0002ab 83ff      	STD  Y+6+1,R31
                 _0x202005A:
0002ac 85e8      	LDD  R30,Y+8
0002ad 85f9      	LDD  R31,Y+8+1
0002ae 85aa      	LDD  R26,Y+10
0002af 85bb      	LDD  R27,Y+10+1
0002b0 17ae      	CP   R26,R30
0002b1 07bf      	CPC  R27,R31
0002b2 f050      	BRLO _0x202005C
0002b3 5f2f      	SUBI R18,-LOW(1)
0002b4 85a8      	LDD  R26,Y+8
0002b5 85b9      	LDD  R27,Y+8+1
0002b6 85ea      	LDD  R30,Y+10
0002b7 85fb      	LDD  R31,Y+10+1
0002b8 1bea      	SUB  R30,R26
0002b9 0bfb      	SBC  R31,R27
0002ba 87ea      	STD  Y+10,R30
0002bb 87fb      	STD  Y+10+1,R31
0002bc cfef      	RJMP _0x202005A
                 _0x202005C:
0002bd 332a      	CPI  R18,58
0002be f028      	BRLO _0x202005D
0002bf ff03      	SBRS R16,3
0002c0 c002      	RJMP _0x202005E
0002c1 5f29      	SUBI R18,-LOW(7)
0002c2 c001      	RJMP _0x202005F
                 _0x202005E:
0002c3 5d29      	SUBI R18,-LOW(39)
                 _0x202005F:
                 _0x202005D:
0002c4 fd04      	SBRC R16,4
0002c5 c01a      	RJMP _0x2020061
0002c6 3321      	CPI  R18,49
0002c7 f420      	BRSH _0x2020063
0002c8 85a8      	LDD  R26,Y+8
0002c9 85b9      	LDD  R27,Y+8+1
0002ca 9711      	SBIW R26,1
0002cb f409      	BRNE _0x2020062
                 _0x2020063:
0002cc c009      	RJMP _0x20200CD
                 _0x2020062:
0002cd 1753      	CP   R21,R19
0002ce f010      	BRLO _0x2020067
0002cf ff00      	SBRS R16,0
0002d0 c001      	RJMP _0x2020068
                 _0x2020067:
0002d1 c013      	RJMP _0x2020066
                 _0x2020068:
0002d2 e220      	LDI  R18,LOW(32)
0002d3 ff07      	SBRS R16,7
0002d4 c00b      	RJMP _0x2020069
0002d5 e320      	LDI  R18,LOW(48)
                 _0x20200CD:
0002d6 6100      	ORI  R16,LOW(16)
0002d7 ff02      	SBRS R16,2
0002d8 c007      	RJMP _0x202006A
0002d9 7f0b      	ANDI R16,LOW(251)
0002da 934a      	ST   -Y,R20
0002db 940e 037c 	CALL SUBOPT_0x7
0002dd 3050      	CPI  R21,0
0002de f009      	BREQ _0x202006B
0002df 5051      	SUBI R21,LOW(1)
                 _0x202006B:
                 _0x202006A:
                 _0x2020069:
                 _0x2020061:
0002e0 940e 036f 	CALL SUBOPT_0x5
0002e2 3050      	CPI  R21,0
0002e3 f009      	BREQ _0x202006C
0002e4 5051      	SUBI R21,LOW(1)
                 _0x202006C:
                 _0x2020066:
0002e5 5031      	SUBI R19,LOW(1)
0002e6 85a8      	LDD  R26,Y+8
0002e7 85b9      	LDD  R27,Y+8+1
0002e8 9712      	SBIW R26,2
0002e9 f008      	BRLO _0x2020059
0002ea cfb5      	RJMP _0x2020058
                 _0x2020059:
                 _0x2020056:
0002eb ff00      	SBRS R16,0
0002ec c008      	RJMP _0x202006D
                 _0x202006E:
0002ed 3050      	CPI  R21,0
0002ee f031      	BREQ _0x2020070
0002ef 5051      	SUBI R21,LOW(1)
0002f0 e2e0      	LDI  R30,LOW(32)
0002f1 93ea      	ST   -Y,R30
0002f2 940e 037c 	CALL SUBOPT_0x7
0002f4 cff8      	RJMP _0x202006E
                 _0x2020070:
                 _0x202006D:
                 _0x2020071:
                 _0x2020030:
                 _0x20200CC:
0002f5 e010      	LDI  R17,LOW(0)
                 _0x202001B:
0002f6 cee0      	RJMP _0x2020016
                 _0x2020018:
0002f7 85ac      	LDD  R26,Y+12
0002f8 85bd      	LDD  R27,Y+12+1
0002f9 940e 03b2 	CALL __GETW1P
0002fb 940e 03c6 	CALL __LOADLOCR6
0002fd 9664      	ADIW R28,20
0002fe 9508      	RET
                 ; .FEND
                 _sprintf:
                 ; .FSTART _sprintf
0002ff 92ff      	PUSH R15
000300 2ef8      	MOV  R15,R24
000301 9726      	SBIW R28,6
000302 940e 03c1 	CALL __SAVELOCR4
000304 940e 0394 	CALL SUBOPT_0xA
000306 9730      	SBIW R30,0
000307 f419      	BRNE _0x2020072
000308 efef      	LDI  R30,LOW(65535)
000309 efff      	LDI  R31,HIGH(65535)
00030a c023      	RJMP _0x2080001
                 _0x2020072:
00030b 01de      	MOVW R26,R28
00030c 9616      	ADIW R26,6
00030d 940e 03a5 	CALL __ADDW2R15
00030f 018d      	MOVW R16,R26
000310 940e 0394 	CALL SUBOPT_0xA
000312 83ee      	STD  Y+6,R30
000313 83ff      	STD  Y+6+1,R31
000314 e0e0      	LDI  R30,LOW(0)
000315 87e8      	STD  Y+8,R30
000316 87e9      	STD  Y+8+1,R30
000317 01de      	MOVW R26,R28
000318 961a      	ADIW R26,10
000319 940e 03a5 	CALL __ADDW2R15
00031b 940e 03b2 	CALL __GETW1P
00031d 93fa      	ST   -Y,R31
00031e 93ea      	ST   -Y,R30
00031f 931a      	ST   -Y,R17
000320 930a      	ST   -Y,R16
000321 e8eb      	LDI  R30,LOW(_put_buff_G101)
000322 e0f1      	LDI  R31,HIGH(_put_buff_G101)
000323 93fa      	ST   -Y,R31
000324 93ea      	ST   -Y,R30
000325 01de      	MOVW R26,R28
000326 961a      	ADIW R26,10
000327 dea3      	RCALL __print_G101
000328 019f      	MOVW R18,R30
000329 81ae      	LDD  R26,Y+6
00032a 81bf      	LDD  R27,Y+6+1
00032b e0e0      	LDI  R30,LOW(0)
00032c 93ec      	ST   X,R30
00032d 01f9      	MOVW R30,R18
                 _0x2080001:
00032e 940e 03c8 	CALL __LOADLOCR4
000330 962a      	ADIW R28,10
000331 90ff      	POP  R15
000332 9508      	RET
                 ; .FEND
                 
                 	.CSEG
                 
                 	.CSEG
                 _strlen:
                 ; .FSTART _strlen
000333 93ba      	ST   -Y,R27
000334 93aa      	ST   -Y,R26
000335 91a9          ld   r26,y+
000336 91b9          ld   r27,y+
000337 27ee          clr  r30
000338 27ff          clr  r31
                 strlen0:
000339 916d          ld   r22,x+
00033a 2366          tst  r22
00033b f011          breq strlen1
00033c 9631          adiw r30,1
00033d cffb          rjmp strlen0
                 strlen1:
00033e 9508          ret
                 ; .FEND
                 _strlenf:
                 ; .FSTART _strlenf
00033f 93ba      	ST   -Y,R27
000340 93aa      	ST   -Y,R26
000341 27aa          clr  r26
000342 27bb          clr  r27
000343 91e9          ld   r30,y+
000344 91f9          ld   r31,y+
                 strlenf0:
000345 9005      	lpm  r0,z+
000346 2000          tst  r0
000347 f011          breq strlenf1
000348 9611          adiw r26,1
000349 cffb          rjmp strlenf0
                 strlenf1:
00034a 01fd          movw r30,r26
00034b 9508          ret
                 ; .FEND
                 
                 	.DSEG
                 _str:
000260           	.BYTE 0x11
                 __base_y_G100:
000271           	.BYTE 0x4
                 
                 	.CSEG
                 ;OPTIMIZER ADDED SUBROUTINE, CALLED 2 TIMES, CODE SIZE REDUCTION:2 WORDS
                 SUBOPT_0x0:
00034c 01f3      	MOVW R30,R6
00034d 9631      	ADIW R30,1
00034e 013f      	MOVW R6,R30
00034f e3ec      	LDI  R30,LOW(60)
000350 e0f0      	LDI  R31,HIGH(60)
000351 15e6      	CP   R30,R6
000352 05f7      	CPC  R31,R7
000353 9508      	RET
                 
                 ;OPTIMIZER ADDED SUBROUTINE, CALLED 2 TIMES, CODE SIZE REDUCTION:2 WORDS
                 SUBOPT_0x1:
000354 01f4      	MOVW R30,R8
000355 9631      	ADIW R30,1
000356 014f      	MOVW R8,R30
000357 e1e8      	LDI  R30,LOW(24)
000358 e0f0      	LDI  R31,HIGH(24)
000359 15e8      	CP   R30,R8
00035a 05f9      	CPC  R31,R9
00035b 9508      	RET
                 
                 ;OPTIMIZER ADDED SUBROUTINE, CALLED 3 TIMES, CODE SIZE REDUCTION:1 WORDS
                 SUBOPT_0x2:
00035c 940e 03ad 	CALL __CWD1
00035e 940e 03ba 	CALL __PUTPARD1
000360 9508      	RET
                 
                 ;OPTIMIZER ADDED SUBROUTINE, CALLED 2 TIMES, CODE SIZE REDUCTION:1 WORDS
                 SUBOPT_0x3:
000361 940e 0112 	CALL __lcd_write_data
000363 e0a3      	LDI  R26,LOW(3)
000364 e0b0      	LDI  R27,0
000365 940c 039b 	JMP  _delay_ms
                 
                 ;OPTIMIZER ADDED SUBROUTINE, CALLED 3 TIMES, CODE SIZE REDUCTION:7 WORDS
                 SUBOPT_0x4:
000367 e3a0      	LDI  R26,LOW(48)
000368 940e 00fe 	CALL __lcd_write_nibble_G100
                +
00036a ec88     +LDI R24 , LOW ( 200 )
00036b e090     +LDI R25 , HIGH ( 200 )
                +__DELAY_USW_LOOP :
00036c 9701     +SBIW R24 , 1
00036d f7f1     +BRNE __DELAY_USW_LOOP
                 	__DELAY_USW 200
00036e 9508      	RET
                 
                 ;OPTIMIZER ADDED SUBROUTINE, CALLED 5 TIMES, CODE SIZE REDUCTION:13 WORDS
                 SUBOPT_0x5:
00036f 932a      	ST   -Y,R18
000370 85ad      	LDD  R26,Y+13
000371 85be      	LDD  R27,Y+13+1
000372 85ef      	LDD  R30,Y+15
000373 89f8      	LDD  R31,Y+15+1
000374 9509      	ICALL
000375 9508      	RET
                 
                 ;OPTIMIZER ADDED SUBROUTINE, CALLED 5 TIMES, CODE SIZE REDUCTION:9 WORDS
                 SUBOPT_0x6:
000376 89e8      	LDD  R30,Y+16
000377 89f9      	LDD  R31,Y+16+1
000378 9734      	SBIW R30,4
000379 8be8      	STD  Y+16,R30
00037a 8bf9      	STD  Y+16+1,R31
00037b 9508      	RET
                 
                 ;OPTIMIZER ADDED SUBROUTINE, CALLED 3 TIMES, CODE SIZE REDUCTION:3 WORDS
                 SUBOPT_0x7:
00037c 85ad      	LDD  R26,Y+13
00037d 85be      	LDD  R27,Y+13+1
00037e 85ef      	LDD  R30,Y+15
00037f 89f8      	LDD  R31,Y+15+1
000380 9509      	ICALL
000381 9508      	RET
                 
                 ;OPTIMIZER ADDED SUBROUTINE, CALLED 2 TIMES, CODE SIZE REDUCTION:4 WORDS
                 SUBOPT_0x8:
000382 89a8      	LDD  R26,Y+16
000383 89b9      	LDD  R27,Y+16+1
000384 9614      	ADIW R26,4
000385 940e 03b2 	CALL __GETW1P
000387 83ee      	STD  Y+6,R30
000388 83ff      	STD  Y+6+1,R31
000389 81ae      	LDD  R26,Y+6
00038a 81bf      	LDD  R27,Y+6+1
00038b 9508      	RET
                 
                 ;OPTIMIZER ADDED SUBROUTINE, CALLED 2 TIMES, CODE SIZE REDUCTION:2 WORDS
                 SUBOPT_0x9:
00038c 89a8      	LDD  R26,Y+16
00038d 89b9      	LDD  R27,Y+16+1
00038e 9614      	ADIW R26,4
00038f 940e 03b2 	CALL __GETW1P
000391 87ea      	STD  Y+10,R30
000392 87fb      	STD  Y+10+1,R31
000393 9508      	RET
                 
                 ;OPTIMIZER ADDED SUBROUTINE, CALLED 2 TIMES, CODE SIZE REDUCTION:1 WORDS
                 SUBOPT_0xA:
000394 01de      	MOVW R26,R28
000395 961c      	ADIW R26,12
000396 940e 03a5 	CALL __ADDW2R15
000398 940e 03b2 	CALL __GETW1P
00039a 9508      	RET
                 
                 
                 	.CSEG
                 _delay_ms:
00039b 9610      	adiw r26,0
00039c f039      	breq __delay_ms1
                 __delay_ms0:
00039d 95a8      	wdr
                +
00039e ed80     +LDI R24 , LOW ( 0x7D0 )
00039f e097     +LDI R25 , HIGH ( 0x7D0 )
                +__DELAY_USW_LOOP :
0003a0 9701     +SBIW R24 , 1
0003a1 f7f1     +BRNE __DELAY_USW_LOOP
                 	__DELAY_USW 0x7D0
0003a2 9711      	sbiw r26,1
0003a3 f7c9      	brne __delay_ms0
                 __delay_ms1:
0003a4 9508      	ret
                 
                 __ADDW2R15:
0003a5 2400      	CLR  R0
0003a6 0daf      	ADD  R26,R15
0003a7 1db0      	ADC  R27,R0
0003a8 9508      	RET
                 
                 __ANEGW1:
0003a9 95f1      	NEG  R31
0003aa 95e1      	NEG  R30
0003ab 40f0      	SBCI R31,0
0003ac 9508      	RET
                 
                 __CWD1:
0003ad 2f6f      	MOV  R22,R31
0003ae 0f66      	ADD  R22,R22
0003af 0b66      	SBC  R22,R22
0003b0 2f76      	MOV  R23,R22
0003b1 9508      	RET
                 
                 __GETW1P:
0003b2 91ed      	LD   R30,X+
0003b3 91fc      	LD   R31,X
0003b4 9711      	SBIW R26,1
0003b5 9508      	RET
                 
                 __GETW1PF:
0003b6 9005      	LPM  R0,Z+
0003b7 91f4      	LPM  R31,Z
0003b8 2de0      	MOV  R30,R0
0003b9 9508      	RET
                 
                 __PUTPARD1:
0003ba 937a      	ST   -Y,R23
0003bb 936a      	ST   -Y,R22
0003bc 93fa      	ST   -Y,R31
0003bd 93ea      	ST   -Y,R30
0003be 9508      	RET
                 
                 __SAVELOCR6:
0003bf 935a      	ST   -Y,R21
                 __SAVELOCR5:
0003c0 934a      	ST   -Y,R20
                 __SAVELOCR4:
0003c1 933a      	ST   -Y,R19
                 __SAVELOCR3:
0003c2 932a      	ST   -Y,R18
                 __SAVELOCR2:
0003c3 931a      	ST   -Y,R17
0003c4 930a      	ST   -Y,R16
0003c5 9508      	RET
                 
                 __LOADLOCR6:
0003c6 815d      	LDD  R21,Y+5
                 __LOADLOCR5:
0003c7 814c      	LDD  R20,Y+4
                 __LOADLOCR4:
0003c8 813b      	LDD  R19,Y+3
                 __LOADLOCR3:
0003c9 812a      	LDD  R18,Y+2
                 __LOADLOCR2:
0003ca 8119      	LDD  R17,Y+1
0003cb 8108      	LD   R16,Y
0003cc 9508      	RET
                 
                 ;END OF CODE MARKER
                 __END_OF_CODE:


RESOURCE USE INFORMATION
------------------------

Notice:
The register and instruction counts are symbol table hit counts,
and hence implicitly used resources are not counted, eg, the
'lpm' instruction without operands implicitly uses r0 and z,
none of which are counted.

x,y,z are separate entities in the symbol table and are
counted separately from r26..r31 here.

.dseg memory usage only counts static data declared with .byte

ATmega32 register use summary:
r0 :  13 r1 :   3 r2 :   0 r3 :   0 r4 :   5 r5 :   2 r6 :   6 r7 :   3 
r8 :   6 r9 :   3 r10:   4 r11:   4 r12:   0 r13:   2 r14:   0 r15:   6 
r16:  34 r17:  24 r18:  29 r19:   8 r20:   9 r21:  17 r22:  13 r23:   4 
r24:  25 r25:   7 r26:  98 r27:  39 r28:  14 r29:   1 r30: 210 r31:  69 
x  :  23 y  : 198 z  :  15 
Registers used: 31 out of 35 (88.6%)

ATmega32 instruction use summary:
.lds  :   0 .lds.l:   0 .sts  :   0 .sts.l:   0 adc   :   1 add   :   4 
adiw  :  27 and   :   0 andi  :   6 asr   :   0 bclr  :   0 bld   :   0 
brbc  :   0 brbs  :   0 brcc  :   0 brcs  :   0 break :   0 breq  :  17 
brge  :   0 brhc  :   0 brhs  :   0 brid  :   0 brie  :   0 brlo  :   8 
brlt  :   0 brmi  :   1 brne  :  35 brpl  :   1 brsh  :   2 brtc  :   0 
brts  :   0 brvc  :   0 brvs  :   0 bset  :   0 bst   :   0 call  :  56 
cbi   :   5 cbr   :   0 clc   :   0 clh   :   0 cli   :   1 cln   :   0 
clr   :  17 cls   :   0 clt   :   0 clv   :   0 clz   :   0 com   :   0 
cp    :   7 cpc   :   5 cpi   :  33 cpse  :   0 dec   :   5 des   :   0 
eor   :   0 fmul  :   0 fmuls :   0 fmulsu:   0 icall :   2 ijmp  :   0 
in    :   6 inc   :   2 jmp   :  23 ld    :  40 ldd   :  77 ldi   : 103 
lds   :   0 lpm   :  14 lsl   :   0 lsr   :   0 mov   :  19 movw  :  23 
mul   :   1 muls  :   0 mulsu :   0 neg   :   2 nop   :   0 or    :   1 
ori   :   8 out   :  27 pop   :   1 push  :   1 rcall :  17 ret   :  28 
reti  :   2 rjmp  :  62 rol   :   0 ror   :   0 sbc   :   2 sbci  :   2 
sbi   :   5 sbic  :   2 sbis  :   0 sbiw  :  19 sbr   :   0 sbrc  :   2 
sbrs  :  10 sec   :   0 seh   :   0 sei   :   1 sen   :   0 ser   :   0 
ses   :   0 set   :   0 sev   :   0 sez   :   0 sleep :   0 spm   :   0 
st    :  76 std   :  31 sts   :   2 sub   :   1 subi  :  16 swap  :   1 
tst   :   4 wdr   :   1 
Instructions used: 55 out of 116 (47.4%)

ATmega32 memory use summary [bytes]:
Segment   Begin    End      Code   Data   Used    Size   Use%
---------------------------------------------------------------
[.cseg] 0x000000 0x00079a   1888     58   1946   32768   5.9%
[.dseg] 0x000060 0x000275      0     21     21    2048   1.0%
[.eseg] 0x000000 0x000000      0      0      0    1024   0.0%

Assembly complete, 0 errors, 10 warnings
